;  LST file generated by mikroListExporter - v.2.0 
; Date/Time: 1/14/2026 11:28:23 PM
;----------------------------------------------

;Address Opcode 	ASM
0x0000	0x2B8E      	GOTO       910
_interrupt:
0x0004	0x00FF      	MOVWF      R15
0x0005	0x0E03      	SWAPF      STATUS, 0
0x0006	0x0183      	CLRF       STATUS
0x0007	0x00B7      	MOVWF      ___saveSTATUS
0x0008	0x080A      	MOVF       PCLATH, 0
0x0009	0x00B6      	MOVWF      ___savePCLATH
0x000A	0x018A      	CLRF       PCLATH
0x000B	0x0870      	MOVF       R0, 0
0x000C	0x00A1      	MOVWF      33
;MyProject.c,17 :: 		void interrupt(void){
;MyProject.c,18 :: 		if(INTCON & 0x04){  // Check Timer0 overflow
0x000D	0x1D0B      	BTFSS      INTCON, 2
0x000E	0x2842      	GOTO       L_interrupt0
;MyProject.c,19 :: 		TMR0 = 231;     // Reload Timer0 for 100 us
0x000F	0x30E7      	MOVLW      231
0x0010	0x0081      	MOVWF      TMR0
;MyProject.c,22 :: 		if (delayCounter > 0) { delayCounter--; }
0x0011	0x3080      	MOVLW      128
0x0012	0x00F0      	MOVWF      R0
0x0013	0x3080      	MOVLW      128
0x0014	0x0625      	XORWF      _delayCounter+1, 0
0x0015	0x0270      	SUBWF      R0, 0
0x0016	0x1D03      	BTFSS      STATUS, 2
0x0017	0x281A      	GOTO       L__interrupt101
0x0018	0x0824      	MOVF       _delayCounter, 0
0x0019	0x3C00      	SUBLW      0
L__interrupt101:
0x001A	0x1803      	BTFSC      STATUS, 0
0x001B	0x2820      	GOTO       L_interrupt1
0x001C	0x3001      	MOVLW      1
0x001D	0x02A4      	SUBWF      _delayCounter, 1
0x001E	0x1C03      	BTFSS      STATUS, 0
0x001F	0x03A5      	DECF       _delayCounter+1, 1
L_interrupt1:
;MyProject.c,25 :: 		timerTick++;
0x0020	0x0AA2      	INCF       _timerTick, 1
0x0021	0x1903      	BTFSC      STATUS, 2
0x0022	0x0AA3      	INCF       _timerTick+1, 1
;MyProject.c,26 :: 		if (timerTick < servoPulseWidth){
0x0023	0x3080      	MOVLW      128
0x0024	0x0623      	XORWF      _timerTick+1, 0
0x0025	0x00F0      	MOVWF      R0
0x0026	0x3080      	MOVLW      128
0x0027	0x062F      	XORWF      _servoPulseWidth+1, 0
0x0028	0x0270      	SUBWF      R0, 0
0x0029	0x1D03      	BTFSS      STATUS, 2
0x002A	0x282D      	GOTO       L__interrupt102
0x002B	0x082E      	MOVF       _servoPulseWidth, 0
0x002C	0x0222      	SUBWF      _timerTick, 0
L__interrupt102:
0x002D	0x1803      	BTFSC      STATUS, 0
0x002E	0x2831      	GOTO       L_interrupt2
;MyProject.c,27 :: 		PORTD = PORTD | 0x01;    // Set servo HIGH
0x002F	0x1408      	BSF        PORTD, 0
;MyProject.c,28 :: 		} else{
0x0030	0x2833      	GOTO       L_interrupt3
L_interrupt2:
;MyProject.c,29 :: 		PORTD = PORTD & 0b11111110; // Set servo LOW
0x0031	0x30FE      	MOVLW      254
0x0032	0x0588      	ANDWF      PORTD, 1
;MyProject.c,30 :: 		}
L_interrupt3:
;MyProject.c,33 :: 		if (timerTick >= 200){
0x0033	0x3080      	MOVLW      128
0x0034	0x0623      	XORWF      _timerTick+1, 0
0x0035	0x00F0      	MOVWF      R0
0x0036	0x3080      	MOVLW      128
0x0037	0x0270      	SUBWF      R0, 0
0x0038	0x1D03      	BTFSS      STATUS, 2
0x0039	0x283C      	GOTO       L__interrupt103
0x003A	0x30C8      	MOVLW      200
0x003B	0x0222      	SUBWF      _timerTick, 0
L__interrupt103:
0x003C	0x1C03      	BTFSS      STATUS, 0
0x003D	0x2840      	GOTO       L_interrupt4
;MyProject.c,34 :: 		timerTick = 0;
0x003E	0x01A2      	CLRF       _timerTick
0x003F	0x01A3      	CLRF       _timerTick+1
;MyProject.c,35 :: 		}
L_interrupt4:
;MyProject.c,37 :: 		INTCON &= 0xFB; // Clear Timer0 interrupt flag
0x0040	0x30FB      	MOVLW      251
0x0041	0x058B      	ANDWF      INTCON, 1
;MyProject.c,38 :: 		}
L_interrupt0:
;MyProject.c,39 :: 		}
L_end_interrupt:
L__interrupt100:
0x0042	0x0821      	MOVF       33, 0
0x0043	0x00F0      	MOVWF      R0
0x0044	0x0836      	MOVF       ___savePCLATH, 0
0x0045	0x008A      	MOVWF      PCLATH
0x0046	0x0E37      	SWAPF      ___saveSTATUS, 0
0x0047	0x0083      	MOVWF      STATUS
0x0048	0x0EFF      	SWAPF      R15, 1
0x0049	0x0E7F      	SWAPF      R15, 0
0x004A	0x0009      	RETFIE
; end of _interrupt
_Div_16x16_S_L:
;__Lib_Math.c,421 :: 		
;__Lib_Math.c,427 :: 		
0x004B	0x0D71      	RLF        R1, 0
;__Lib_Math.c,428 :: 		
0x004C	0x0DF8      	RLF        R8, 1
;__Lib_Math.c,429 :: 		
0x004D	0x0DF9      	RLF        R9, 1
;__Lib_Math.c,430 :: 		
0x004E	0x0874      	MOVF       R4, 0
;__Lib_Math.c,431 :: 		
0x004F	0x02F8      	SUBWF      R8, 1
;__Lib_Math.c,432 :: 		
0x0050	0x0875      	MOVF       R5, 0
;__Lib_Math.c,433 :: 		
0x0051	0x1C03      	BTFSS      STATUS, 0
;__Lib_Math.c,434 :: 		
0x0052	0x0F75      	INCFSZ     R5, 0
;__Lib_Math.c,435 :: 		
0x0053	0x02F9      	SUBWF      R9, 1
;__Lib_Math.c,436 :: 		
0x0054	0x0DF0      	RLF        R0, 1
;__Lib_Math.c,437 :: 		
0x0055	0x0DF1      	RLF        R1, 1
;__Lib_Math.c,439 :: 		
0x0056	0x300F      	MOVLW      15
;__Lib_Math.c,440 :: 		
0x0057	0x00FC      	MOVWF      R12
;__Lib_Math.c,442 :: 		
0x0058	0x0D71      	RLF        R1, 0
;__Lib_Math.c,443 :: 		
0x0059	0x0DF8      	RLF        R8, 1
;__Lib_Math.c,444 :: 		
0x005A	0x0DF9      	RLF        R9, 1
;__Lib_Math.c,445 :: 		
0x005B	0x0874      	MOVF       R4, 0
;__Lib_Math.c,447 :: 		
0x005C	0x1C70      	BTFSS      R0, 0
;__Lib_Math.c,448 :: 		
0x005D	0x2864      	GOTO       $+7
;__Lib_Math.c,449 :: 		
0x005E	0x02F8      	SUBWF      R8, 1
;__Lib_Math.c,450 :: 		
0x005F	0x0875      	MOVF       R5, 0
;__Lib_Math.c,451 :: 		
0x0060	0x1C03      	BTFSS      STATUS, 0
;__Lib_Math.c,452 :: 		
0x0061	0x0F75      	INCFSZ     R5, 0
;__Lib_Math.c,453 :: 		
0x0062	0x02F9      	SUBWF      R9, 1
;__Lib_Math.c,454 :: 		
0x0063	0x2869      	GOTO       $+6
;__Lib_Math.c,456 :: 		
0x0064	0x07F8      	ADDWF      R8, 1
;__Lib_Math.c,457 :: 		
0x0065	0x0875      	MOVF       R5, 0
;__Lib_Math.c,458 :: 		
0x0066	0x1803      	BTFSC      STATUS, 0
;__Lib_Math.c,459 :: 		
0x0067	0x0F75      	INCFSZ     R5, 0
;__Lib_Math.c,460 :: 		
0x0068	0x07F9      	ADDWF      R9, 1
;__Lib_Math.c,462 :: 		
0x0069	0x0DF0      	RLF        R0, 1
;__Lib_Math.c,463 :: 		
0x006A	0x0DF1      	RLF        R1, 1
;__Lib_Math.c,465 :: 		
0x006B	0x0BFC      	DECFSZ     R12, 1
;__Lib_Math.c,466 :: 		
0x006C	0x2858      	GOTO       $-20
;__Lib_Math.c,468 :: 		
0x006D	0x1870      	BTFSC      R0, 0
;__Lib_Math.c,469 :: 		
0x006E	0x2875      	GOTO       $+7
;__Lib_Math.c,470 :: 		
0x006F	0x0874      	MOVF       R4, 0
;__Lib_Math.c,471 :: 		
0x0070	0x07F8      	ADDWF      R8, 1
;__Lib_Math.c,472 :: 		
0x0071	0x0875      	MOVF       R5, 0
;__Lib_Math.c,473 :: 		
0x0072	0x1803      	BTFSC      STATUS, 0
;__Lib_Math.c,474 :: 		
0x0073	0x0F75      	INCFSZ     R5, 0
;__Lib_Math.c,475 :: 		
0x0074	0x07F9      	ADDWF      R9, 1
;__Lib_Math.c,476 :: 		
0x0075	0x0000      	NOP
;__Lib_Math.c,478 :: 		
L_end_Div_16x16_S_L:
0x0076	0x0008      	RETURN
; end of _Div_16x16_S_L
_RES032:
;__Lib_MathDouble.c,123 :: 		
;__Lib_MathDouble.c,128 :: 		
0x0077	0x01F2      	CLRF       R2
;__Lib_MathDouble.c,129 :: 		
0x0078	0x01F1      	CLRF       R1
;__Lib_MathDouble.c,130 :: 		
0x0079	0x01F0      	CLRF       R0
;__Lib_MathDouble.c,131 :: 		
0x007A	0x01F8      	CLRF       R8
;__Lib_MathDouble.c,132 :: 		
0x007B	0x01F3      	CLRF       R3
;__Lib_MathDouble.c,133 :: 		
0x007C	0x3000      	MOVLW      0
;__Lib_MathDouble.c,135 :: 		
L_end_RES032:
0x007D	0x0008      	RETURN
; end of _RES032
_SETFUN32:
;__Lib_MathDouble.c,138 :: 		
;__Lib_MathDouble.c,145 :: 		
0x007E	0x157B      	BSF        R11, 2
;__Lib_MathDouble.c,146 :: 		
0x007F	0x1FFB      	BTFSS      R11, 7
;__Lib_MathDouble.c,147 :: 		
0x0080	0x2888      	GOTO       SETFUN32EEE
;__Lib_MathDouble.c,148 :: 		
0x0081	0x3001      	MOVLW      1
;__Lib_MathDouble.c,149 :: 		
0x0082	0x00F3      	MOVWF      R3
;__Lib_MathDouble.c,150 :: 		
0x0083	0x01F2      	CLRF       R2
;__Lib_MathDouble.c,151 :: 		
0x0084	0x01F1      	CLRF       R1
;__Lib_MathDouble.c,152 :: 		
0x0085	0x01F0      	CLRF       R0
;__Lib_MathDouble.c,153 :: 		
0x0086	0x0DFA      	RLF        R10, 1
;__Lib_MathDouble.c,154 :: 		
0x0087	0x0CF2      	RRF        R2, 1
;__Lib_MathDouble.c,155 :: 		
SETFUN32EEE:
;__Lib_MathDouble.c,156 :: 		
0x0088	0x30FF      	MOVLW      255
;__Lib_MathDouble.c,158 :: 		
L_end_SETFUN32:
0x0089	0x0008      	RETURN
; end of _SETFUN32
_FIXSIGN32:
;__Lib_MathDouble.c,112 :: 		
;__Lib_MathDouble.c,116 :: 		
0x008A	0x1FFA      	BTFSS      R10, 7
;__Lib_MathDouble.c,117 :: 		
0x008B	0x13F2      	BCF        R2, 7
;__Lib_MathDouble.c,118 :: 		
0x008C	0x3000      	MOVLW      0
;__Lib_MathDouble.c,120 :: 		
L_end_FIXSIGN32:
0x008D	0x0008      	RETURN
; end of _FIXSIGN32
_SETFDZ32:
;__Lib_MathDouble.c,102 :: 		
;__Lib_MathDouble.c,105 :: 		
0x008E	0x15FB      	BSF        R11, 3
;__Lib_MathDouble.c,106 :: 		
0x008F	0x30FF      	MOVLW      255
;__Lib_MathDouble.c,108 :: 		
L_end_SETFDZ32:
0x0090	0x0008      	RETURN
; end of _SETFDZ32
_SETFOV32:
;__Lib_MathDouble.c,79 :: 		
;__Lib_MathDouble.c,86 :: 		
0x0091	0x14FB      	BSF        R11, 1
;__Lib_MathDouble.c,87 :: 		
0x0092	0x1FFB      	BTFSS      R11, 7
;__Lib_MathDouble.c,88 :: 		
0x0093	0x289B      	GOTO       SETFOV32EEE
;__Lib_MathDouble.c,89 :: 		
0x0094	0x30FF      	MOVLW      255
;__Lib_MathDouble.c,90 :: 		
0x0095	0x00F3      	MOVWF      R3
;__Lib_MathDouble.c,91 :: 		
0x0096	0x00F2      	MOVWF      R2
;__Lib_MathDouble.c,92 :: 		
0x0097	0x00F1      	MOVWF      R1
;__Lib_MathDouble.c,93 :: 		
0x0098	0x00F0      	MOVWF      R0
;__Lib_MathDouble.c,94 :: 		
0x0099	0x0DFA      	RLF        R10, 1
;__Lib_MathDouble.c,95 :: 		
0x009A	0x0CF2      	RRF        R2, 1
;__Lib_MathDouble.c,96 :: 		
SETFOV32EEE:
;__Lib_MathDouble.c,97 :: 		
0x009B	0x30FF      	MOVLW      255
;__Lib_MathDouble.c,99 :: 		
L_end_SETFOV32:
0x009C	0x0008      	RETURN
; end of _SETFOV32
_Div_16x16_S:
;__Lib_Math.c,480 :: 		
;__Lib_Math.c,488 :: 		
0x009D	0x1283      	BCF        STATUS, 5
0x009E	0x1303      	BCF        STATUS, 6
0x009F	0x0874      	MOVF       R4, 0
0x00A0	0x3A00      	XORLW      0
0x00A1	0x1D03      	BTFSS      STATUS, 2
0x00A2	0x28AC      	GOTO       L_Div_16x16_S0
;__Lib_Math.c,489 :: 		
0x00A3	0x0875      	MOVF       R5, 0
0x00A4	0x3A00      	XORLW      0
0x00A5	0x1D03      	BTFSS      STATUS, 2
0x00A6	0x28AC      	GOTO       L_Div_16x16_S1
;__Lib_Math.c,490 :: 		
0x00A7	0x30FF      	MOVLW      255
0x00A8	0x00F0      	MOVWF      R0
;__Lib_Math.c,491 :: 		
0x00A9	0x307F      	MOVLW      127
0x00AA	0x00F1      	MOVWF      R1
;__Lib_Math.c,492 :: 		
0x00AB	0x2905      	GOTO       L_end_Div_16x16_S
;__Lib_Math.c,493 :: 		
L_Div_16x16_S1:
L_Div_16x16_S0:
;__Lib_Math.c,496 :: 		
0x00AC	0x1283      	BCF        STATUS, 5
;__Lib_Math.c,497 :: 		
0x00AD	0x1303      	BCF        STATUS, 6
;__Lib_Math.c,498 :: 		
0x00AE	0x01FD      	CLRF       R13
;__Lib_Math.c,499 :: 		
0x00AF	0x01F9      	CLRF       R9
;__Lib_Math.c,500 :: 		
0x00B0	0x01F8      	CLRF       R8
;__Lib_Math.c,501 :: 		
0x00B1	0x0871      	MOVF       R1, 0
;__Lib_Math.c,502 :: 		
0x00B2	0x0470      	IORWF      R0, 0
;__Lib_Math.c,503 :: 		
0x00B3	0x1903      	BTFSC      STATUS, 2
;__Lib_Math.c,504 :: 		
0x00B4	0x3400      	RETLW      0
;__Lib_Math.c,506 :: 		
0x00B5	0x0871      	MOVF       R1, 0
;__Lib_Math.c,507 :: 		
0x00B6	0x0675      	XORWF      R5, 0
;__Lib_Math.c,508 :: 		
0x00B7	0x00FA      	MOVWF      R10
;__Lib_Math.c,509 :: 		
0x00B8	0x1BFA      	BTFSC      R10, 7
;__Lib_Math.c,510 :: 		
0x00B9	0x09FD      	COMF       R13, 1
;__Lib_Math.c,512 :: 		
0x00BA	0x01FB      	CLRF       R11
;__Lib_Math.c,514 :: 		
0x00BB	0x1FF5      	BTFSS      R5, 7
;__Lib_Math.c,515 :: 		
0x00BC	0x28C2      	GOTO       $+6
;__Lib_Math.c,517 :: 		
0x00BD	0x09F4      	COMF       R4, 1
;__Lib_Math.c,518 :: 		
0x00BE	0x09F5      	COMF       R5, 1
;__Lib_Math.c,519 :: 		
0x00BF	0x0AF4      	INCF       R4, 1
;__Lib_Math.c,520 :: 		
0x00C0	0x1903      	BTFSC      STATUS, 2
;__Lib_Math.c,521 :: 		
0x00C1	0x0AF5      	INCF       R5, 1
;__Lib_Math.c,523 :: 		
0x00C2	0x1FF1      	BTFSS      R1, 7
;__Lib_Math.c,524 :: 		
0x00C3	0x28C9      	GOTO       $+6
;__Lib_Math.c,526 :: 		
0x00C4	0x09F0      	COMF       R0, 1
;__Lib_Math.c,527 :: 		
0x00C5	0x09F1      	COMF       R1, 1
;__Lib_Math.c,528 :: 		
0x00C6	0x0AF0      	INCF       R0, 1
;__Lib_Math.c,529 :: 		
0x00C7	0x1903      	BTFSC      STATUS, 2
;__Lib_Math.c,530 :: 		
0x00C8	0x0AF1      	INCF       R1, 1
;__Lib_Math.c,532 :: 		
0x00C9	0x0871      	MOVF       R1, 0
;__Lib_Math.c,533 :: 		
0x00CA	0x0475      	IORWF      R5, 0
;__Lib_Math.c,534 :: 		
0x00CB	0x00FA      	MOVWF      R10
;__Lib_Math.c,535 :: 		
0x00CC	0x1BFA      	BTFSC      R10, 7
;__Lib_Math.c,536 :: 		
0x00CD	0x28DE      	GOTO       $+17
;__Lib_Math.c,538 :: 		
0x00CE	0x204B      	CALL       _Div_16x16_S_L
;__Lib_Math.c,540 :: 		
0x00CF	0x187B      	BTFSC      R11, 0
;__Lib_Math.c,541 :: 		
0x00D0	0x28F1      	GOTO       $+33
;__Lib_Math.c,543 :: 		
0x00D1	0x1FFD      	BTFSS      R13, 7
;__Lib_Math.c,544 :: 		
0x00D2	0x3400      	RETLW      0
;__Lib_Math.c,546 :: 		
0x00D3	0x09F0      	COMF       R0, 1
;__Lib_Math.c,547 :: 		
0x00D4	0x09F1      	COMF       R1, 1
;__Lib_Math.c,548 :: 		
0x00D5	0x0AF0      	INCF       R0, 1
;__Lib_Math.c,549 :: 		
0x00D6	0x1903      	BTFSC      STATUS, 2
;__Lib_Math.c,550 :: 		
0x00D7	0x0AF1      	INCF       R1, 1
;__Lib_Math.c,552 :: 		
0x00D8	0x09F8      	COMF       R8, 1
;__Lib_Math.c,553 :: 		
0x00D9	0x09F9      	COMF       R9, 1
;__Lib_Math.c,554 :: 		
0x00DA	0x0AF8      	INCF       R8, 1
;__Lib_Math.c,555 :: 		
0x00DB	0x1903      	BTFSC      STATUS, 2
;__Lib_Math.c,556 :: 		
0x00DC	0x0AF9      	INCF       R9, 1
;__Lib_Math.c,558 :: 		
0x00DD	0x3400      	RETLW      0
;__Lib_Math.c,560 :: 		
0x00DE	0x1FF5      	BTFSS      R5, 7
;__Lib_Math.c,561 :: 		
0x00DF	0x28ED      	GOTO       $+14
;__Lib_Math.c,562 :: 		
0x00E0	0x1BF1      	BTFSC      R1, 7
;__Lib_Math.c,563 :: 		
0x00E1	0x28E9      	GOTO       $+8
;__Lib_Math.c,564 :: 		
0x00E2	0x0871      	MOVF       R1, 0
;__Lib_Math.c,565 :: 		
0x00E3	0x00F9      	MOVWF      R9
;__Lib_Math.c,566 :: 		
0x00E4	0x0870      	MOVF       R0, 0
;__Lib_Math.c,567 :: 		
0x00E5	0x00F8      	MOVWF      R8
;__Lib_Math.c,568 :: 		
0x00E6	0x01F1      	CLRF       R1
;__Lib_Math.c,569 :: 		
0x00E7	0x01F0      	CLRF       R0
;__Lib_Math.c,570 :: 		
0x00E8	0x28D1      	GOTO       $-23
;__Lib_Math.c,571 :: 		
0x00E9	0x01F1      	CLRF       R1
;__Lib_Math.c,572 :: 		
0x00EA	0x01F0      	CLRF       R0
;__Lib_Math.c,573 :: 		
0x00EB	0x0AF0      	INCF       R0, 1
;__Lib_Math.c,574 :: 		
0x00EC	0x3400      	RETLW      0
;__Lib_Math.c,576 :: 		
0x00ED	0x09F1      	COMF       R1, 1
;__Lib_Math.c,577 :: 		
0x00EE	0x09F0      	COMF       R0, 1
;__Lib_Math.c,578 :: 		
0x00EF	0x0AFB      	INCF       R11, 1
;__Lib_Math.c,579 :: 		
0x00F0	0x28CE      	GOTO       $-34
;__Lib_Math.c,581 :: 		
0x00F1	0x0AF8      	INCF       R8, 1
;__Lib_Math.c,582 :: 		
0x00F2	0x1903      	BTFSC      STATUS, 2
;__Lib_Math.c,583 :: 		
0x00F3	0x0AF9      	INCF       R9, 1
;__Lib_Math.c,584 :: 		
0x00F4	0x0874      	MOVF       R4, 0
;__Lib_Math.c,585 :: 		
0x00F5	0x0278      	SUBWF      R8, 0
;__Lib_Math.c,586 :: 		
0x00F6	0x1D03      	BTFSS      STATUS, 2
;__Lib_Math.c,587 :: 		
0x00F7	0x28D1      	GOTO       $-38
;__Lib_Math.c,588 :: 		
0x00F8	0x0875      	MOVF       R5, 0
;__Lib_Math.c,589 :: 		
0x00F9	0x0279      	SUBWF      R9, 0
;__Lib_Math.c,590 :: 		
0x00FA	0x1D03      	BTFSS      STATUS, 2
;__Lib_Math.c,591 :: 		
0x00FB	0x28D1      	GOTO       $-42
;__Lib_Math.c,592 :: 		
0x00FC	0x01F9      	CLRF       R9
;__Lib_Math.c,593 :: 		
0x00FD	0x01F8      	CLRF       R8
;__Lib_Math.c,594 :: 		
0x00FE	0x0AF0      	INCF       R0, 1
;__Lib_Math.c,595 :: 		
0x00FF	0x1903      	BTFSC      STATUS, 2
;__Lib_Math.c,596 :: 		
0x0100	0x0AF1      	INCF       R1, 1
;__Lib_Math.c,597 :: 		
0x0101	0x1FF1      	BTFSS      R1, 7
;__Lib_Math.c,598 :: 		
0x0102	0x28D1      	GOTO       $-49
;__Lib_Math.c,599 :: 		
0x0103	0x0000      	NOP
;__Lib_Math.c,600 :: 		
0x0104	0x34FF      	RETLW      255
;__Lib_Math.c,602 :: 		
L_end_Div_16x16_S:
0x0105	0x0008      	RETURN
; end of _Div_16x16_S
_SETIOV3224:
;__Lib_MathDouble.c,1000 :: 		
;__Lib_MathDouble.c,1006 :: 		
0x0106	0x147B      	BSF        R11, 0
;__Lib_MathDouble.c,1007 :: 		
0x0107	0x1FFB      	BTFSS      R11, 7
;__Lib_MathDouble.c,1008 :: 		
0x0108	0x2911      	GOTO       SETIOV3224EEE
;__Lib_MathDouble.c,1010 :: 		
0x0109	0x01F2      	CLRF       R2
;__Lib_MathDouble.c,1011 :: 		
0x010A	0x1FFA      	BTFSS      R10, 7
;__Lib_MathDouble.c,1012 :: 		
0x010B	0x30FF      	MOVLW      255
;__Lib_MathDouble.c,1013 :: 		
0x010C	0x00F2      	MOVWF      R2
;__Lib_MathDouble.c,1014 :: 		
0x010D	0x00F1      	MOVWF      R1
;__Lib_MathDouble.c,1015 :: 		
0x010E	0x00F0      	MOVWF      R0
;__Lib_MathDouble.c,1016 :: 		
0x010F	0x0DFA      	RLF        R10, 1
;__Lib_MathDouble.c,1017 :: 		
0x0110	0x0CF2      	RRF        R2, 1
;__Lib_MathDouble.c,1018 :: 		
SETIOV3224EEE:
;__Lib_MathDouble.c,1019 :: 		
0x0111	0x30FF      	MOVLW      255
;__Lib_MathDouble.c,1021 :: 		
L_end_SETIOV3224:
0x0112	0x0008      	RETURN
; end of _SETIOV3224
_NRM3232:
;__Lib_MathDouble.c,167 :: 		
;__Lib_MathDouble.c,173 :: 		
;__Lib_MathDouble.c,175 :: 		
0x0113	0x01A0      	CLRF       __math_tempbD
;__Lib_MathDouble.c,176 :: 		
0x0114	0x0872      	MOVF       R2, 0
;__Lib_MathDouble.c,177 :: 		
0x0115	0x1D03      	BTFSS      STATUS, 2
;__Lib_MathDouble.c,178 :: 		
0x0116	0x2928      	GOTO       NORM3232
;__Lib_MathDouble.c,179 :: 		
0x0117	0x0871      	MOVF       R1, 0
;__Lib_MathDouble.c,180 :: 		
0x0118	0x00F2      	MOVWF      R2
;__Lib_MathDouble.c,181 :: 		
0x0119	0x0870      	MOVF       R0, 0
;__Lib_MathDouble.c,182 :: 		
0x011A	0x00F1      	MOVWF      R1
;__Lib_MathDouble.c,183 :: 		
0x011B	0x01F0      	CLRF       R0
;__Lib_MathDouble.c,184 :: 		
0x011C	0x15A0      	BSF        __math_tempbD, 3
;__Lib_MathDouble.c,186 :: 		
0x011D	0x0872      	MOVF       R2, 0
;__Lib_MathDouble.c,187 :: 		
0x011E	0x1D03      	BTFSS      STATUS, 2
;__Lib_MathDouble.c,188 :: 		
0x011F	0x2928      	GOTO       NORM3232
;__Lib_MathDouble.c,189 :: 		
0x0120	0x0871      	MOVF       R1, 0
;__Lib_MathDouble.c,190 :: 		
0x0121	0x00F2      	MOVWF      R2
;__Lib_MathDouble.c,191 :: 		
0x0122	0x01F1      	CLRF       R1
;__Lib_MathDouble.c,192 :: 		
0x0123	0x11A0      	BCF        __math_tempbD, 3
;__Lib_MathDouble.c,193 :: 		
0x0124	0x1620      	BSF        __math_tempbD, 4
;__Lib_MathDouble.c,195 :: 		
0x0125	0x0872      	MOVF       R2, 0
;__Lib_MathDouble.c,196 :: 		
0x0126	0x1903      	BTFSC      STATUS, 2
;__Lib_MathDouble.c,197 :: 		
0x0127	0x2936      	GOTO       JPNRES032
;__Lib_MathDouble.c,198 :: 		
NORM3232:
;__Lib_MathDouble.c,199 :: 		
0x0128	0x0820      	MOVF       __math_tempbD, 0
;__Lib_MathDouble.c,200 :: 		
0x0129	0x02F3      	SUBWF      R3, 1
;__Lib_MathDouble.c,201 :: 		
0x012A	0x1D03      	BTFSS      STATUS, 2
;__Lib_MathDouble.c,202 :: 		
0x012B	0x1C03      	BTFSS      STATUS, 0
;__Lib_MathDouble.c,203 :: 		
0x012C	0x293A      	GOTO       JPNSETFUN32
;__Lib_MathDouble.c,204 :: 		
0x012D	0x1003      	BCF        STATUS, 0
;__Lib_MathDouble.c,205 :: 		
NORM3232A:
;__Lib_MathDouble.c,206 :: 		
0x012E	0x1BF2      	BTFSC      R2, 7
;__Lib_MathDouble.c,207 :: 		
0x012F	0x293E      	GOTO       JMPNFIXSIGN32
;__Lib_MathDouble.c,208 :: 		
0x0130	0x0DF0      	RLF        R0, 1
;__Lib_MathDouble.c,209 :: 		
0x0131	0x0DF1      	RLF        R1, 1
;__Lib_MathDouble.c,210 :: 		
0x0132	0x0DF2      	RLF        R2, 1
;__Lib_MathDouble.c,211 :: 		
0x0133	0x0BF3      	DECFSZ     R3, 1
;__Lib_MathDouble.c,212 :: 		
0x0134	0x292E      	GOTO       NORM3232A
;__Lib_MathDouble.c,213 :: 		
0x0135	0x293A      	GOTO       JPNSETFUN32
;__Lib_MathDouble.c,214 :: 		
JPNRES032:
;__Lib_MathDouble.c,215 :: 		
0x0136	0x3001      	MOVLW      1
;__Lib_MathDouble.c,216 :: 		
0x0137	0x00FC      	MOVWF      R12
;__Lib_MathDouble.c,218 :: 		
0x0138	0x2077      	CALL       _RES032
;__Lib_MathDouble.c,220 :: 		
0x0139	0x2941      	GOTO       NORM32EEE
;__Lib_MathDouble.c,221 :: 		
JPNSETFUN32:
;__Lib_MathDouble.c,222 :: 		
0x013A	0x3002      	MOVLW      2
;__Lib_MathDouble.c,223 :: 		
0x013B	0x00FC      	MOVWF      R12
;__Lib_MathDouble.c,225 :: 		
0x013C	0x207E      	CALL       _SETFUN32
;__Lib_MathDouble.c,227 :: 		
0x013D	0x2941      	GOTO       NORM32EEE
;__Lib_MathDouble.c,228 :: 		
JMPNFIXSIGN32:
;__Lib_MathDouble.c,229 :: 		
0x013E	0x3004      	MOVLW      4
;__Lib_MathDouble.c,230 :: 		
0x013F	0x00FC      	MOVWF      R12
;__Lib_MathDouble.c,232 :: 		
0x0140	0x208A      	CALL       _FIXSIGN32
;__Lib_MathDouble.c,234 :: 		
NORM32EEE:
;__Lib_MathDouble.c,236 :: 		
L_end_NRM3232:
0x0141	0x0008      	RETURN
; end of _NRM3232
_double2int:
;__Lib_MathDouble.c,1391 :: 		
;__Lib_MathDouble.c,1399 :: 		
0x0142	0x1283      	BCF        STATUS, 5
;__Lib_MathDouble.c,1400 :: 		
0x0143	0x1303      	BCF        STATUS, 6
;__Lib_MathDouble.c,1402 :: 		
0x0144	0x01FB      	CLRF       R11
;__Lib_MathDouble.c,1403 :: 		
0x0145	0x0873      	MOVF       R3, 0
;__Lib_MathDouble.c,1404 :: 		
0x0146	0x1903      	BTFSC      STATUS, 2
;__Lib_MathDouble.c,1405 :: 		
0x0147	0x297F      	GOTO       IRES016
;__Lib_MathDouble.c,1407 :: 		
0x0148	0x0872      	MOVF       R2, 0
;__Lib_MathDouble.c,1408 :: 		
0x0149	0x00FA      	MOVWF      R10
;__Lib_MathDouble.c,1409 :: 		
0x014A	0x17F2      	BSF        R2, 7
;__Lib_MathDouble.c,1411 :: 		
0x014B	0x308E      	MOVLW      142
;__Lib_MathDouble.c,1412 :: 		
0x014C	0x02F3      	SUBWF      R3, 1
;__Lib_MathDouble.c,1413 :: 		
0x014D	0x1FF3      	BTFSS      R3, 7
;__Lib_MathDouble.c,1414 :: 		
0x014E	0x2982      	GOTO       SETIOV16
;__Lib_MathDouble.c,1415 :: 		
0x014F	0x09F3      	COMF       R3, 1
;__Lib_MathDouble.c,1416 :: 		
0x0150	0x0AF3      	INCF       R3, 1
;__Lib_MathDouble.c,1418 :: 		
0x0151	0x3008      	MOVLW      8
;__Lib_MathDouble.c,1419 :: 		
0x0152	0x0273      	SUBWF      R3, 0
;__Lib_MathDouble.c,1420 :: 		
0x0153	0x1C03      	BTFSS      STATUS, 0
;__Lib_MathDouble.c,1421 :: 		
0x0154	0x2965      	GOTO       TSHIFT3216
;__Lib_MathDouble.c,1422 :: 		
0x0155	0x00F3      	MOVWF      R3
;__Lib_MathDouble.c,1423 :: 		
0x0156	0x0DF1      	RLF        R1, 1
;__Lib_MathDouble.c,1424 :: 		
0x0157	0x0872      	MOVF       R2, 0
;__Lib_MathDouble.c,1425 :: 		
0x0158	0x00F1      	MOVWF      R1
;__Lib_MathDouble.c,1426 :: 		
0x0159	0x01F2      	CLRF       R2
;__Lib_MathDouble.c,1428 :: 		
0x015A	0x3008      	MOVLW      8
;__Lib_MathDouble.c,1429 :: 		
0x015B	0x0273      	SUBWF      R3, 0
;__Lib_MathDouble.c,1430 :: 		
0x015C	0x1C03      	BTFSS      STATUS, 0
;__Lib_MathDouble.c,1431 :: 		
0x015D	0x2965      	GOTO       TSHIFT3216
;__Lib_MathDouble.c,1432 :: 		
0x015E	0x00F3      	MOVWF      R3
;__Lib_MathDouble.c,1433 :: 		
0x015F	0x0DF1      	RLF        R1, 1
;__Lib_MathDouble.c,1434 :: 		
0x0160	0x01F1      	CLRF       R1
;__Lib_MathDouble.c,1436 :: 		
0x0161	0x0873      	MOVF       R3, 0
;__Lib_MathDouble.c,1437 :: 		
0x0162	0x1D03      	BTFSS      STATUS, 2
;__Lib_MathDouble.c,1438 :: 		
0x0163	0x1003      	BCF        STATUS, 0
;__Lib_MathDouble.c,1439 :: 		
0x0164	0x296D      	GOTO       SHIFT3216OK
;__Lib_MathDouble.c,1440 :: 		
TSHIFT3216:
;__Lib_MathDouble.c,1441 :: 		
0x0165	0x0873      	MOVF       R3, 0
;__Lib_MathDouble.c,1442 :: 		
0x0166	0x1903      	BTFSC      STATUS, 2
;__Lib_MathDouble.c,1443 :: 		
0x0167	0x296D      	GOTO       SHIFT3216OK
;__Lib_MathDouble.c,1444 :: 		
SHIFT3216:
;__Lib_MathDouble.c,1445 :: 		
0x0168	0x1003      	BCF        STATUS, 0
;__Lib_MathDouble.c,1446 :: 		
0x0169	0x0CF2      	RRF        R2, 1
;__Lib_MathDouble.c,1447 :: 		
0x016A	0x0CF1      	RRF        R1, 1
;__Lib_MathDouble.c,1448 :: 		
0x016B	0x0BF3      	DECFSZ     R3, 1
;__Lib_MathDouble.c,1449 :: 		
0x016C	0x2968      	GOTO       SHIFT3216
;__Lib_MathDouble.c,1450 :: 		
SHIFT3216OK:
;__Lib_MathDouble.c,1451 :: 		
0x016D	0x1B7B      	BTFSC      R11, 6
;__Lib_MathDouble.c,1452 :: 		
0x016E	0x1C71      	BTFSS      R1, 0
;__Lib_MathDouble.c,1453 :: 		
0x016F	0x2977      	GOTO       INT3216OK
;__Lib_MathDouble.c,1454 :: 		
0x0170	0x1C03      	BTFSS      STATUS, 0
;__Lib_MathDouble.c,1455 :: 		
0x0171	0x2977      	GOTO       INT3216OK
;__Lib_MathDouble.c,1456 :: 		
0x0172	0x0AF1      	INCF       R1, 1
;__Lib_MathDouble.c,1457 :: 		
0x0173	0x1903      	BTFSC      STATUS, 2
;__Lib_MathDouble.c,1458 :: 		
0x0174	0x0AF2      	INCF       R2, 1
;__Lib_MathDouble.c,1459 :: 		
0x0175	0x1BF2      	BTFSC      R2, 7
;__Lib_MathDouble.c,1460 :: 		
0x0176	0x298E      	GOTO       JPJSETIOV3224
;__Lib_MathDouble.c,1461 :: 		
INT3216OK:
;__Lib_MathDouble.c,1462 :: 		
0x0177	0x1FFA      	BTFSS      R10, 7
;__Lib_MathDouble.c,1463 :: 		
0x0178	0x2991      	GOTO       INT3216EOK
;__Lib_MathDouble.c,1465 :: 		
0x0179	0x09F2      	COMF       R2, 1
;__Lib_MathDouble.c,1466 :: 		
0x017A	0x09F1      	COMF       R1, 1
;__Lib_MathDouble.c,1467 :: 		
0x017B	0x0AF1      	INCF       R1, 1
;__Lib_MathDouble.c,1468 :: 		
0x017C	0x1903      	BTFSC      STATUS, 2
;__Lib_MathDouble.c,1469 :: 		
0x017D	0x0AF2      	INCF       R2, 1
;__Lib_MathDouble.c,1470 :: 		
0x017E	0x2991      	GOTO       INT3216EOK
;__Lib_MathDouble.c,1472 :: 		
IRES016:
;__Lib_MathDouble.c,1473 :: 		
0x017F	0x01F2      	CLRF       R2
;__Lib_MathDouble.c,1474 :: 		
0x0180	0x01F1      	CLRF       R1
;__Lib_MathDouble.c,1475 :: 		
0x0181	0x2991      	GOTO       INT3216EOK
;__Lib_MathDouble.c,1476 :: 		
SETIOV16:
;__Lib_MathDouble.c,1477 :: 		
0x0182	0x147B      	BSF        R11, 0
;__Lib_MathDouble.c,1478 :: 		
0x0183	0x1FFB      	BTFSS      R11, 7
;__Lib_MathDouble.c,1479 :: 		
0x0184	0x2994      	GOTO       INT3216EER
;__Lib_MathDouble.c,1481 :: 		
0x0185	0x01F2      	CLRF       R2
;__Lib_MathDouble.c,1482 :: 		
0x0186	0x1FFA      	BTFSS      R10, 7
;__Lib_MathDouble.c,1483 :: 		
0x0187	0x2994      	GOTO       INT3216EER
;__Lib_MathDouble.c,1484 :: 		
0x0188	0x30FF      	MOVLW      255
;__Lib_MathDouble.c,1485 :: 		
0x0189	0x00F2      	MOVWF      R2
;__Lib_MathDouble.c,1486 :: 		
0x018A	0x00F1      	MOVWF      R1
;__Lib_MathDouble.c,1487 :: 		
0x018B	0x0DFA      	RLF        R10, 1
;__Lib_MathDouble.c,1488 :: 		
0x018C	0x0CF2      	RRF        R2, 1
;__Lib_MathDouble.c,1489 :: 		
0x018D	0x2994      	GOTO       INT3216EER
;__Lib_MathDouble.c,1491 :: 		
JPJSETIOV3224:
;__Lib_MathDouble.c,1492 :: 		
0x018E	0x3001      	MOVLW      1
;__Lib_MathDouble.c,1493 :: 		
0x018F	0x00FC      	MOVWF      R12
;__Lib_MathDouble.c,1494 :: 		
0x0190	0x2996      	GOTO       INT3216EEE
;__Lib_MathDouble.c,1495 :: 		
INT3216EOK:
;__Lib_MathDouble.c,1496 :: 		
0x0191	0x3000      	MOVLW      0
;__Lib_MathDouble.c,1497 :: 		
0x0192	0x00FC      	MOVWF      R12
;__Lib_MathDouble.c,1498 :: 		
0x0193	0x2996      	GOTO       INT3216EEE
;__Lib_MathDouble.c,1499 :: 		
INT3216EER:
;__Lib_MathDouble.c,1500 :: 		
0x0194	0x30FF      	MOVLW      255
;__Lib_MathDouble.c,1501 :: 		
0x0195	0x00FC      	MOVWF      R12
;__Lib_MathDouble.c,1502 :: 		
INT3216EEE:
;__Lib_MathDouble.c,1505 :: 		
0x0196	0x08FC      	MOVF       R12, 1
;__Lib_MathDouble.c,1507 :: 		
0x0197	0x1903      	BTFSC      STATUS, 2
;__Lib_MathDouble.c,1508 :: 		
0x0198	0x299A      	GOTO       L_Double2Int_0
;__Lib_MathDouble.c,1510 :: 		
0x0199	0x2106      	CALL       _SETIOV3224
;__Lib_MathDouble.c,1512 :: 		
L_Double2Int_0:
;__Lib_MathDouble.c,1513 :: 		
0x019A	0x0871      	MOVF       R1, 0
;__Lib_MathDouble.c,1514 :: 		
0x019B	0x00F0      	MOVWF      R0
;__Lib_MathDouble.c,1515 :: 		
0x019C	0x0872      	MOVF       R2, 0
;__Lib_MathDouble.c,1516 :: 		
0x019D	0x00F1      	MOVWF      R1
;__Lib_MathDouble.c,1520 :: 		
L_end_double2int:
0x019E	0x0008      	RETURN
; end of _double2int
_Div_32x32_FP:
;__Lib_MathDouble.c,761 :: 		
;__Lib_MathDouble.c,773 :: 		
;__Lib_MathDouble.c,776 :: 		
0x019F	0x1283      	BCF        STATUS, 5
0x01A0	0x1303      	BCF        STATUS, 6
0x01A1	0x0874      	MOVF       R4, 0
0x01A2	0x3A00      	XORLW      0
0x01A3	0x1D03      	BTFSS      STATUS, 2
0x01A4	0x29BA      	GOTO       L_Div_32x32_FP7
;__Lib_MathDouble.c,777 :: 		
0x01A5	0x0875      	MOVF       R5, 0
0x01A6	0x3A00      	XORLW      0
0x01A7	0x1D03      	BTFSS      STATUS, 2
0x01A8	0x29BA      	GOTO       L_Div_32x32_FP8
;__Lib_MathDouble.c,778 :: 		
0x01A9	0x0876      	MOVF       R6, 0
0x01AA	0x3A00      	XORLW      0
0x01AB	0x1D03      	BTFSS      STATUS, 2
0x01AC	0x29BA      	GOTO       L_Div_32x32_FP9
;__Lib_MathDouble.c,779 :: 		
0x01AD	0x0877      	MOVF       R7, 0
0x01AE	0x3A00      	XORLW      0
0x01AF	0x1D03      	BTFSS      STATUS, 2
0x01B0	0x29BA      	GOTO       L_Div_32x32_FP10
;__Lib_MathDouble.c,780 :: 		
0x01B1	0x30FF      	MOVLW      255
0x01B2	0x00F0      	MOVWF      R0
;__Lib_MathDouble.c,781 :: 		
0x01B3	0x30FF      	MOVLW      255
0x01B4	0x00F1      	MOVWF      R1
;__Lib_MathDouble.c,782 :: 		
0x01B5	0x307F      	MOVLW      127
0x01B6	0x00F2      	MOVWF      R2
;__Lib_MathDouble.c,783 :: 		
0x01B7	0x30FF      	MOVLW      255
0x01B8	0x00F3      	MOVWF      R3
;__Lib_MathDouble.c,784 :: 		
0x01B9	0x2A55      	GOTO       L_end_Div_32x32_FP
;__Lib_MathDouble.c,785 :: 		
L_Div_32x32_FP10:
L_Div_32x32_FP9:
L_Div_32x32_FP8:
L_Div_32x32_FP7:
;__Lib_MathDouble.c,788 :: 		
0x01BA	0x1283      	BCF        STATUS, 5
;__Lib_MathDouble.c,789 :: 		
0x01BB	0x1303      	BCF        STATUS, 6
;__Lib_MathDouble.c,791 :: 		
0x01BC	0x0877      	MOVF       R7, 0
;__Lib_MathDouble.c,792 :: 		
0x01BD	0x1903      	BTFSC      STATUS, 2
;__Lib_MathDouble.c,793 :: 		
0x01BE	0x2A49      	GOTO       JPDSETFDZ32
;__Lib_MathDouble.c,795 :: 		
0x01BF	0x0873      	MOVF       R3, 0
;__Lib_MathDouble.c,796 :: 		
0x01C0	0x1903      	BTFSC      STATUS, 2
;__Lib_MathDouble.c,797 :: 		
0x01C1	0x2A4C      	GOTO       JPDRES032
;__Lib_MathDouble.c,799 :: 		
0x01C2	0x0872      	MOVF       R2, 0
;__Lib_MathDouble.c,800 :: 		
0x01C3	0x0676      	XORWF      R6, 0
;__Lib_MathDouble.c,801 :: 		
0x01C4	0x3980      	ANDLW      128
;__Lib_MathDouble.c,802 :: 		
0x01C5	0x00FA      	MOVWF      R10
;__Lib_MathDouble.c,803 :: 		
0x01C6	0x17F2      	BSF        R2, 7
;__Lib_MathDouble.c,804 :: 		
0x01C7	0x17F6      	BSF        R6, 7
;__Lib_MathDouble.c,806 :: 		
0x01C8	0x01A0      	CLRF       __math_tempbD
;__Lib_MathDouble.c,807 :: 		
0x01C9	0x0872      	MOVF       R2, 0
;__Lib_MathDouble.c,808 :: 		
0x01CA	0x00F8      	MOVWF      R8
;__Lib_MathDouble.c,809 :: 		
0x01CB	0x0871      	MOVF       R1, 0
;__Lib_MathDouble.c,810 :: 		
0x01CC	0x00FC      	MOVWF      R12
;__Lib_MathDouble.c,811 :: 		
0x01CD	0x0870      	MOVF       R0, 0
;__Lib_MathDouble.c,812 :: 		
0x01CE	0x00FD      	MOVWF      R13
;__Lib_MathDouble.c,814 :: 		
0x01CF	0x0874      	MOVF       R4, 0
;__Lib_MathDouble.c,815 :: 		
0x01D0	0x02FD      	SUBWF      R13, 1
;__Lib_MathDouble.c,816 :: 		
0x01D1	0x0875      	MOVF       R5, 0
;__Lib_MathDouble.c,817 :: 		
0x01D2	0x1C03      	BTFSS      STATUS, 0
;__Lib_MathDouble.c,818 :: 		
0x01D3	0x0F75      	INCFSZ     R5, 0
;__Lib_MathDouble.c,820 :: 		
0x01D4	0x02FC      	SUBWF      R12, 1
;__Lib_MathDouble.c,821 :: 		
0x01D5	0x0876      	MOVF       R6, 0
;__Lib_MathDouble.c,822 :: 		
0x01D6	0x1C03      	BTFSS      STATUS, 0
;__Lib_MathDouble.c,823 :: 		
0x01D7	0x0F76      	INCFSZ     R6, 0
;__Lib_MathDouble.c,825 :: 		
0x01D8	0x02F8      	SUBWF      R8, 1
;__Lib_MathDouble.c,826 :: 		
0x01D9	0x01F8      	CLRF       R8
;__Lib_MathDouble.c,827 :: 		
0x01DA	0x01FC      	CLRF       R12
;__Lib_MathDouble.c,828 :: 		
0x01DB	0x01FD      	CLRF       R13
;__Lib_MathDouble.c,829 :: 		
0x01DC	0x1C03      	BTFSS      STATUS, 0
;__Lib_MathDouble.c,830 :: 		
0x01DD	0x29E5      	GOTO       DALIGN32OK
;__Lib_MathDouble.c,832 :: 		
0x01DE	0x1003      	BCF        STATUS, 0
;__Lib_MathDouble.c,833 :: 		
0x01DF	0x0CF2      	RRF        R2, 1
;__Lib_MathDouble.c,834 :: 		
0x01E0	0x0CF1      	RRF        R1, 1
;__Lib_MathDouble.c,835 :: 		
0x01E1	0x0CF0      	RRF        R0, 1
;__Lib_MathDouble.c,836 :: 		
0x01E2	0x0CF8      	RRF        R8, 1
;__Lib_MathDouble.c,837 :: 		
0x01E3	0x3001      	MOVLW      1
;__Lib_MathDouble.c,838 :: 		
0x01E4	0x00A0      	MOVWF      __math_tempbD
;__Lib_MathDouble.c,839 :: 		
DALIGN32OK:
;__Lib_MathDouble.c,840 :: 		
0x01E5	0x0877      	MOVF       R7, 0
;__Lib_MathDouble.c,841 :: 		
0x01E6	0x02F3      	SUBWF      R3, 1
;__Lib_MathDouble.c,842 :: 		
0x01E7	0x1C03      	BTFSS      STATUS, 0
;__Lib_MathDouble.c,843 :: 		
0x01E8	0x29EF      	GOTO       ALTB32
;__Lib_MathDouble.c,845 :: 		
0x01E9	0x307E      	MOVLW      126
;__Lib_MathDouble.c,846 :: 		
0x01EA	0x0720      	ADDWF      __math_tempbD, 0
;__Lib_MathDouble.c,847 :: 		
0x01EB	0x07F3      	ADDWF      R3, 1
;__Lib_MathDouble.c,848 :: 		
0x01EC	0x1803      	BTFSC      STATUS, 0
;__Lib_MathDouble.c,849 :: 		
0x01ED	0x2A4F      	GOTO       JPDSETFOV32
;__Lib_MathDouble.c,850 :: 		
0x01EE	0x29F4      	GOTO       DARGOK32
;__Lib_MathDouble.c,851 :: 		
ALTB32:
;__Lib_MathDouble.c,852 :: 		
0x01EF	0x307E      	MOVLW      126
;__Lib_MathDouble.c,853 :: 		
0x01F0	0x0720      	ADDWF      __math_tempbD, 0
;__Lib_MathDouble.c,854 :: 		
0x01F1	0x07F3      	ADDWF      R3, 1
;__Lib_MathDouble.c,855 :: 		
0x01F2	0x1C03      	BTFSS      STATUS, 0
;__Lib_MathDouble.c,856 :: 		
0x01F3	0x2A52      	GOTO       JPDSETFUN32
;__Lib_MathDouble.c,857 :: 		
DARGOK32:
;__Lib_MathDouble.c,858 :: 		
0x01F4	0x3018      	MOVLW      24
;__Lib_MathDouble.c,860 :: 		
0x01F5	0x07FA      	ADDWF      R10, 1
;__Lib_MathDouble.c,861 :: 		
DLOOP32:
;__Lib_MathDouble.c,862 :: 		
0x01F6	0x0DFD      	RLF        R13, 1
;__Lib_MathDouble.c,863 :: 		
0x01F7	0x0DFC      	RLF        R12, 1
;__Lib_MathDouble.c,864 :: 		
0x01F8	0x0DF8      	RLF        R8, 1
;__Lib_MathDouble.c,865 :: 		
0x01F9	0x0DF0      	RLF        R0, 1
;__Lib_MathDouble.c,866 :: 		
0x01FA	0x0DF1      	RLF        R1, 1
;__Lib_MathDouble.c,867 :: 		
0x01FB	0x0DF2      	RLF        R2, 1
;__Lib_MathDouble.c,868 :: 		
0x01FC	0x0DA0      	RLF        __math_tempbD, 1
;__Lib_MathDouble.c,870 :: 		
0x01FD	0x0874      	MOVF       R4, 0
;__Lib_MathDouble.c,871 :: 		
0x01FE	0x02F0      	SUBWF      R0, 1
;__Lib_MathDouble.c,872 :: 		
0x01FF	0x0875      	MOVF       R5, 0
;__Lib_MathDouble.c,873 :: 		
0x0200	0x1C03      	BTFSS      STATUS, 0
;__Lib_MathDouble.c,874 :: 		
0x0201	0x0F75      	INCFSZ     R5, 0
;__Lib_MathDouble.c,876 :: 		
0x0202	0x02F1      	SUBWF      R1, 1
;__Lib_MathDouble.c,877 :: 		
0x0203	0x0876      	MOVF       R6, 0
;__Lib_MathDouble.c,878 :: 		
0x0204	0x1C03      	BTFSS      STATUS, 0
;__Lib_MathDouble.c,879 :: 		
0x0205	0x0F76      	INCFSZ     R6, 0
;__Lib_MathDouble.c,881 :: 		
0x0206	0x02F2      	SUBWF      R2, 1
;__Lib_MathDouble.c,882 :: 		
0x0207	0x0D76      	RLF        R6, 0
;__Lib_MathDouble.c,883 :: 		
0x0208	0x04A0      	IORWF      __math_tempbD, 1
;__Lib_MathDouble.c,884 :: 		
0x0209	0x1C20      	BTFSS      __math_tempbD, 0
;__Lib_MathDouble.c,885 :: 		
0x020A	0x2A0D      	GOTO       DREST32
;__Lib_MathDouble.c,886 :: 		
0x020B	0x147D      	BSF        R13, 0
;__Lib_MathDouble.c,887 :: 		
0x020C	0x2A18      	GOTO       DOK32
;__Lib_MathDouble.c,888 :: 		
DREST32:
;__Lib_MathDouble.c,889 :: 		
0x020D	0x0874      	MOVF       R4, 0
;__Lib_MathDouble.c,890 :: 		
0x020E	0x07F0      	ADDWF      R0, 1
;__Lib_MathDouble.c,891 :: 		
0x020F	0x0875      	MOVF       R5, 0
;__Lib_MathDouble.c,892 :: 		
0x0210	0x1803      	BTFSC      STATUS, 0
;__Lib_MathDouble.c,893 :: 		
0x0211	0x0F75      	INCFSZ     R5, 0
;__Lib_MathDouble.c,895 :: 		
0x0212	0x07F1      	ADDWF      R1, 1
;__Lib_MathDouble.c,896 :: 		
0x0213	0x0876      	MOVF       R6, 0
;__Lib_MathDouble.c,897 :: 		
0x0214	0x1803      	BTFSC      STATUS, 0
;__Lib_MathDouble.c,898 :: 		
0x0215	0x0A76      	INCF       R6, 0
;__Lib_MathDouble.c,899 :: 		
0x0216	0x07F2      	ADDWF      R2, 1
;__Lib_MathDouble.c,900 :: 		
0x0217	0x107D      	BCF        R13, 0
;__Lib_MathDouble.c,901 :: 		
DOK32:
;__Lib_MathDouble.c,903 :: 		
0x0218	0x03FA      	DECF       R10, 1
;__Lib_MathDouble.c,904 :: 		
0x0219	0x301F      	MOVLW      31
;__Lib_MathDouble.c,905 :: 		
0x021A	0x057A      	ANDWF      R10, 0
;__Lib_MathDouble.c,906 :: 		
0x021B	0x1D03      	BTFSS      STATUS, 2
;__Lib_MathDouble.c,907 :: 		
0x021C	0x29F6      	GOTO       DLOOP32
;__Lib_MathDouble.c,909 :: 		
0x021D	0x1B7B      	BTFSC      R11, 6
;__Lib_MathDouble.c,910 :: 		
0x021E	0x1C7D      	BTFSS      R13, 0
;__Lib_MathDouble.c,911 :: 		
0x021F	0x2A3F      	GOTO       DIV32OK
;__Lib_MathDouble.c,912 :: 		
0x0220	0x1003      	BCF        STATUS, 0
;__Lib_MathDouble.c,913 :: 		
0x0221	0x0DF0      	RLF        R0, 1
;__Lib_MathDouble.c,914 :: 		
0x0222	0x0DF1      	RLF        R1, 1
;__Lib_MathDouble.c,915 :: 		
0x0223	0x0DF2      	RLF        R2, 1
;__Lib_MathDouble.c,916 :: 		
0x0224	0x0DA0      	RLF        __math_tempbD, 1
;__Lib_MathDouble.c,918 :: 		
0x0225	0x0874      	MOVF       R4, 0
;__Lib_MathDouble.c,919 :: 		
0x0226	0x02F0      	SUBWF      R0, 1
;__Lib_MathDouble.c,920 :: 		
0x0227	0x0875      	MOVF       R5, 0
;__Lib_MathDouble.c,921 :: 		
0x0228	0x1C03      	BTFSS      STATUS, 0
;__Lib_MathDouble.c,922 :: 		
0x0229	0x0F75      	INCFSZ     R5, 0
;__Lib_MathDouble.c,923 :: 		
0x022A	0x02F1      	SUBWF      R1, 1
;__Lib_MathDouble.c,924 :: 		
0x022B	0x0876      	MOVF       R6, 0
;__Lib_MathDouble.c,925 :: 		
0x022C	0x1C03      	BTFSS      STATUS, 0
;__Lib_MathDouble.c,926 :: 		
0x022D	0x0F76      	INCFSZ     R6, 0
;__Lib_MathDouble.c,927 :: 		
0x022E	0x02F2      	SUBWF      R2, 1
;__Lib_MathDouble.c,928 :: 		
0x022F	0x0D76      	RLF        R6, 0
;__Lib_MathDouble.c,929 :: 		
0x0230	0x0420      	IORWF      __math_tempbD, 0
;__Lib_MathDouble.c,930 :: 		
0x0231	0x3901      	ANDLW      1
;__Lib_MathDouble.c,931 :: 		
0x0232	0x07FD      	ADDWF      R13, 1
;__Lib_MathDouble.c,932 :: 		
0x0233	0x1803      	BTFSC      STATUS, 0
;__Lib_MathDouble.c,933 :: 		
0x0234	0x0AFC      	INCF       R12, 1
;__Lib_MathDouble.c,934 :: 		
0x0235	0x1903      	BTFSC      STATUS, 2
;__Lib_MathDouble.c,935 :: 		
0x0236	0x0AF8      	INCF       R8, 1
;__Lib_MathDouble.c,936 :: 		
0x0237	0x1D03      	BTFSS      STATUS, 2
;__Lib_MathDouble.c,937 :: 		
0x0238	0x2A3F      	GOTO       DIV32OK
;__Lib_MathDouble.c,938 :: 		
0x0239	0x0CF8      	RRF        R8, 1
;__Lib_MathDouble.c,939 :: 		
0x023A	0x0CFC      	RRF        R12, 1
;__Lib_MathDouble.c,940 :: 		
0x023B	0x0CFD      	RRF        R13, 1
;__Lib_MathDouble.c,941 :: 		
0x023C	0x0AF3      	INCF       R3, 1
;__Lib_MathDouble.c,942 :: 		
0x023D	0x1903      	BTFSC      STATUS, 2
;__Lib_MathDouble.c,943 :: 		
0x023E	0x2A4F      	GOTO       JPDSETFOV32
;__Lib_MathDouble.c,944 :: 		
DIV32OK:
;__Lib_MathDouble.c,945 :: 		
0x023F	0x1FFA      	BTFSS      R10, 7
;__Lib_MathDouble.c,946 :: 		
0x0240	0x13F8      	BCF        R8, 7
;__Lib_MathDouble.c,947 :: 		
0x0241	0x0878      	MOVF       R8, 0
;__Lib_MathDouble.c,948 :: 		
0x0242	0x00F2      	MOVWF      R2
;__Lib_MathDouble.c,949 :: 		
0x0243	0x087C      	MOVF       R12, 0
;__Lib_MathDouble.c,950 :: 		
0x0244	0x00F1      	MOVWF      R1
;__Lib_MathDouble.c,951 :: 		
0x0245	0x087D      	MOVF       R13, 0
;__Lib_MathDouble.c,952 :: 		
0x0246	0x00F0      	MOVWF      R0
;__Lib_MathDouble.c,954 :: 		
0x0247	0x3000      	MOVLW      0
;__Lib_MathDouble.c,956 :: 		
0x0248	0x2A54      	GOTO       DIV32EEE
;__Lib_MathDouble.c,957 :: 		
JPDSETFDZ32:
;__Lib_MathDouble.c,958 :: 		
0x0249	0x3001      	MOVLW      1
;__Lib_MathDouble.c,961 :: 		
0x024A	0x208E      	CALL       _SETFDZ32
;__Lib_MathDouble.c,963 :: 		
0x024B	0x2A54      	GOTO       DIV32EEE
;__Lib_MathDouble.c,964 :: 		
JPDRES032:
;__Lib_MathDouble.c,965 :: 		
0x024C	0x3002      	MOVLW      2
;__Lib_MathDouble.c,968 :: 		
0x024D	0x2077      	CALL       _RES032
;__Lib_MathDouble.c,970 :: 		
0x024E	0x2A54      	GOTO       DIV32EEE
;__Lib_MathDouble.c,971 :: 		
JPDSETFOV32:
;__Lib_MathDouble.c,972 :: 		
0x024F	0x3004      	MOVLW      4
;__Lib_MathDouble.c,975 :: 		
0x0250	0x2091      	CALL       _SETFOV32
;__Lib_MathDouble.c,977 :: 		
0x0251	0x2A54      	GOTO       DIV32EEE
;__Lib_MathDouble.c,978 :: 		
JPDSETFUN32:
;__Lib_MathDouble.c,979 :: 		
0x0252	0x3008      	MOVLW      8
;__Lib_MathDouble.c,982 :: 		
0x0253	0x207E      	CALL       _SETFUN32
;__Lib_MathDouble.c,984 :: 		
DIV32EEE:
;__Lib_MathDouble.c,985 :: 		
0x0254	0x0000      	NOP
;__Lib_MathDouble.c,994 :: 		
L_end_Div_32x32_FP:
0x0255	0x0008      	RETURN
; end of _Div_32x32_FP
_int2double:
;__Lib_MathDouble.c,1812 :: 		
;__Lib_MathDouble.c,1818 :: 		
0x0256	0x1283      	BCF        STATUS, 5
;__Lib_MathDouble.c,1819 :: 		
0x0257	0x1303      	BCF        STATUS, 6
;__Lib_MathDouble.c,1820 :: 		
0x0258	0x0870      	MOVF       R0, 0
;__Lib_MathDouble.c,1821 :: 		
0x0259	0x00F8      	MOVWF      R8
;__Lib_MathDouble.c,1822 :: 		
0x025A	0x0871      	MOVF       R1, 0
;__Lib_MathDouble.c,1823 :: 		
0x025B	0x00F0      	MOVWF      R0
;__Lib_MathDouble.c,1824 :: 		
0x025C	0x01F1      	CLRF       R1
;__Lib_MathDouble.c,1825 :: 		
0x025D	0x01F2      	CLRF       R2
;__Lib_MathDouble.c,1826 :: 		
0x025E	0x01F3      	CLRF       R3
;__Lib_MathDouble.c,1829 :: 		
0x025F	0x01FB      	CLRF       R11
;__Lib_MathDouble.c,1830 :: 		
0x0260	0x01FC      	CLRF       R12
;__Lib_MathDouble.c,1832 :: 		
0x0261	0x3096      	MOVLW      150
;__Lib_MathDouble.c,1833 :: 		
0x0262	0x00F3      	MOVWF      R3
;__Lib_MathDouble.c,1834 :: 		
0x0263	0x01FA      	CLRF       R10
;__Lib_MathDouble.c,1835 :: 		
0x0264	0x1FF0      	BTFSS      R0, 7
;__Lib_MathDouble.c,1836 :: 		
0x0265	0x2A6C      	GOTO       FLO1632EEE
;__Lib_MathDouble.c,1838 :: 		
0x0266	0x09F8      	COMF       R8, 1
;__Lib_MathDouble.c,1839 :: 		
0x0267	0x09F0      	COMF       R0, 1
;__Lib_MathDouble.c,1841 :: 		
0x0268	0x0AF8      	INCF       R8, 1
;__Lib_MathDouble.c,1842 :: 		
0x0269	0x1903      	BTFSC      STATUS, 2
;__Lib_MathDouble.c,1843 :: 		
0x026A	0x0AF0      	INCF       R0, 1
;__Lib_MathDouble.c,1845 :: 		
0x026B	0x17FA      	BSF        R10, 7
;__Lib_MathDouble.c,1846 :: 		
FLO1632EEE:
;__Lib_MathDouble.c,1847 :: 		
0x026C	0x0870      	MOVF       R0, 0
;__Lib_MathDouble.c,1848 :: 		
0x026D	0x00F1      	MOVWF      R1
;__Lib_MathDouble.c,1849 :: 		
0x026E	0x0878      	MOVF       R8, 0
;__Lib_MathDouble.c,1850 :: 		
0x026F	0x00F0      	MOVWF      R0
;__Lib_MathDouble.c,1851 :: 		
0x0270	0x01F8      	CLRF       R8
;__Lib_MathDouble.c,1852 :: 		
0x0271	0x01F2      	CLRF       R2
;__Lib_MathDouble.c,1854 :: 		
0x0272	0x2113      	CALL       _NRM3232
;__Lib_MathDouble.c,1855 :: 		
L_end_int2double:
0x0273	0x0008      	RETURN
; end of _int2double
_Mul_16X16_U:
;__Lib_Math.c,136 :: 		
;__Lib_Math.c,143 :: 		
0x0274	0x1283      	BCF        STATUS, 5
;__Lib_Math.c,144 :: 		
0x0275	0x1303      	BCF        STATUS, 6
;__Lib_Math.c,145 :: 		
0x0276	0x01FB      	CLRF       R11
;__Lib_Math.c,146 :: 		
0x0277	0x01FA      	CLRF       R10
;__Lib_Math.c,147 :: 		
0x0278	0x01F9      	CLRF       R9
;__Lib_Math.c,148 :: 		
0x0279	0x3080      	MOVLW      128
;__Lib_Math.c,149 :: 		
0x027A	0x00F8      	MOVWF      R8
;__Lib_Math.c,150 :: 		
0x027B	0x0CF1      	RRF        R1, 1
;__Lib_Math.c,151 :: 		
0x027C	0x0CF0      	RRF        R0, 1
;__Lib_Math.c,152 :: 		
0x027D	0x1C03      	BTFSS      STATUS, 0
;__Lib_Math.c,153 :: 		
0x027E	0x2A88      	GOTO       $+10
;__Lib_Math.c,154 :: 		
0x027F	0x0874      	MOVF       R4, 0
;__Lib_Math.c,155 :: 		
0x0280	0x07F9      	ADDWF      R9, 1
;__Lib_Math.c,156 :: 		
0x0281	0x0875      	MOVF       R5, 0
;__Lib_Math.c,157 :: 		
0x0282	0x1803      	BTFSC      STATUS, 0
;__Lib_Math.c,158 :: 		
0x0283	0x0F75      	INCFSZ     R5, 0
;__Lib_Math.c,159 :: 		
0x0284	0x07FA      	ADDWF      R10, 1
;__Lib_Math.c,160 :: 		
0x0285	0x1803      	BTFSC      STATUS, 0
;__Lib_Math.c,161 :: 		
0x0286	0x0AFB      	INCF       R11, 1
;__Lib_Math.c,162 :: 		
0x0287	0x1003      	BCF        STATUS, 0
;__Lib_Math.c,163 :: 		
0x0288	0x1FF0      	BTFSS      R0, 7
;__Lib_Math.c,164 :: 		
0x0289	0x2A90      	GOTO       $+7
;__Lib_Math.c,165 :: 		
0x028A	0x0874      	MOVF       R4, 0
;__Lib_Math.c,166 :: 		
0x028B	0x07FA      	ADDWF      R10, 1
;__Lib_Math.c,167 :: 		
0x028C	0x0875      	MOVF       R5, 0
;__Lib_Math.c,168 :: 		
0x028D	0x1803      	BTFSC      STATUS, 0
;__Lib_Math.c,169 :: 		
0x028E	0x0F75      	INCFSZ     R5, 0
;__Lib_Math.c,170 :: 		
0x028F	0x07FB      	ADDWF      R11, 1
;__Lib_Math.c,171 :: 		
0x0290	0x0CFB      	RRF        R11, 1
;__Lib_Math.c,172 :: 		
0x0291	0x0CFA      	RRF        R10, 1
;__Lib_Math.c,173 :: 		
0x0292	0x0CF9      	RRF        R9, 1
;__Lib_Math.c,174 :: 		
0x0293	0x0CF8      	RRF        R8, 1
;__Lib_Math.c,175 :: 		
0x0294	0x1C03      	BTFSS      STATUS, 0
;__Lib_Math.c,176 :: 		
0x0295	0x2A7B      	GOTO       $-26
;__Lib_Math.c,177 :: 		
0x0296	0x087B      	MOVF       R11, 0
;__Lib_Math.c,178 :: 		
0x0297	0x00F3      	MOVWF      R3
;__Lib_Math.c,179 :: 		
0x0298	0x087A      	MOVF       R10, 0
;__Lib_Math.c,180 :: 		
0x0299	0x00F2      	MOVWF      R2
;__Lib_Math.c,181 :: 		
0x029A	0x0879      	MOVF       R9, 0
;__Lib_Math.c,182 :: 		
0x029B	0x00F1      	MOVWF      R1
;__Lib_Math.c,183 :: 		
0x029C	0x0878      	MOVF       R8, 0
;__Lib_Math.c,184 :: 		
0x029D	0x00F0      	MOVWF      R0
;__Lib_Math.c,187 :: 		
L_end_Mul_16X16_U:
0x029E	0x0008      	RETURN
; end of _Mul_16X16_U
_____DoICP:
;__Lib_System.c,6 :: 		
;__Lib_System.c,9 :: 		
0x029F	0x1283      	BCF        STATUS, 5
0x02A0	0x1303      	BCF        STATUS, 6
0x02A1	0x0831      	MOVF       ___DoICPAddr+1, 0
0x02A2	0x008A      	MOVWF      PCLATH
;__Lib_System.c,10 :: 		
0x02A3	0x0830      	MOVF       ___DoICPAddr, 0
0x02A4	0x0082      	MOVWF      PCL
;__Lib_System.c,12 :: 		
L_end_____DoICP:
0x02A5	0x0008      	RETURN
; end of _____DoICP
_delay_us_T0:
;MyProject.c,48 :: 		void delay_us_T0(int us){
;MyProject.c,49 :: 		delayCounter = us / 100;
0x02A6	0x3064      	MOVLW      100
0x02A7	0x1283      	BCF        STATUS, 5
0x02A8	0x1303      	BCF        STATUS, 6
0x02A9	0x00F4      	MOVWF      R4
0x02AA	0x3000      	MOVLW      0
0x02AB	0x00F5      	MOVWF      R4+1
0x02AC	0x083A      	MOVF       FARG_delay_us_T0_us, 0
0x02AD	0x00F0      	MOVWF      R0
0x02AE	0x083B      	MOVF       FARG_delay_us_T0_us+1, 0
0x02AF	0x00F1      	MOVWF      R0+1
0x02B0	0x209D      	CALL       _Div_16x16_S
0x02B1	0x0870      	MOVF       R0, 0
0x02B2	0x00A4      	MOVWF      _delayCounter
0x02B3	0x0871      	MOVF       R0+1, 0
0x02B4	0x00A5      	MOVWF      _delayCounter+1
;MyProject.c,50 :: 		while(delayCounter > 0);
L_delay_us_T07:
0x02B5	0x3080      	MOVLW      128
0x02B6	0x00F0      	MOVWF      R0
0x02B7	0x3080      	MOVLW      128
0x02B8	0x0625      	XORWF      _delayCounter+1, 0
0x02B9	0x0270      	SUBWF      R0, 0
0x02BA	0x1D03      	BTFSS      STATUS, 2
0x02BB	0x2ABE      	GOTO       L__delay_us_T0107
0x02BC	0x0824      	MOVF       _delayCounter, 0
0x02BD	0x3C00      	SUBLW      0
L__delay_us_T0107:
0x02BE	0x1803      	BTFSC      STATUS, 0
0x02BF	0x2AC1      	GOTO       L_delay_us_T08
0x02C0	0x2AB5      	GOTO       L_delay_us_T07
L_delay_us_T08:
;MyProject.c,51 :: 		}
L_end_delay_us_T0:
0x02C1	0x0008      	RETURN
; end of _delay_us_T0
_readDistanceCM:
;MyProject.c,69 :: 		int readDistanceCM(){
;MyProject.c,70 :: 		int distance = 0;
;MyProject.c,71 :: 		TMR1H = 0; TMR1L = 0;                  // Reset Timer1
0x02C2	0x1283      	BCF        STATUS, 5
0x02C3	0x1303      	BCF        STATUS, 6
0x02C4	0x018F      	CLRF       TMR1H
0x02C5	0x018E      	CLRF       TMR1L
;MyProject.c,72 :: 		PORTC |= 0b00010000;                    // Trigger HIGH
0x02C6	0x1607      	BSF        PORTC, 4
;MyProject.c,73 :: 		delay_us_T0(10);                        // 10 µs pulse
0x02C7	0x300A      	MOVLW      10
0x02C8	0x00BA      	MOVWF      FARG_delay_us_T0_us
0x02C9	0x3000      	MOVLW      0
0x02CA	0x00BB      	MOVWF      FARG_delay_us_T0_us+1
0x02CB	0x22A6      	CALL       _delay_us_T0
;MyProject.c,74 :: 		PORTC &= 0b11101111;                    // Trigger LOW
0x02CC	0x30EF      	MOVLW      239
0x02CD	0x0587      	ANDWF      PORTC, 1
;MyProject.c,76 :: 		while(!(PORTC & 0b00100000));          // Wait for echo start
L_readDistanceCM10:
0x02CE	0x1A87      	BTFSC      PORTC, 5
0x02CF	0x2AD1      	GOTO       L_readDistanceCM11
0x02D0	0x2ACE      	GOTO       L_readDistanceCM10
L_readDistanceCM11:
;MyProject.c,77 :: 		T1CON |= 0b00000001;                    // Start Timer
0x02D1	0x1410      	BSF        T1CON, 0
;MyProject.c,78 :: 		while(PORTC & 0b00100000);             // Wait for echo end
L_readDistanceCM12:
0x02D2	0x1E87      	BTFSS      PORTC, 5
0x02D3	0x2AD5      	GOTO       L_readDistanceCM13
0x02D4	0x2AD2      	GOTO       L_readDistanceCM12
L_readDistanceCM13:
;MyProject.c,79 :: 		T1CON &= 0b11111110;                    // Stop Timer
0x02D5	0x30FE      	MOVLW      254
0x02D6	0x0590      	ANDWF      T1CON, 1
;MyProject.c,81 :: 		distance = (TMR1L | (TMR1H << 8));
0x02D7	0x080F      	MOVF       TMR1H, 0
0x02D8	0x00F1      	MOVWF      R0+1
0x02D9	0x01F0      	CLRF       R0
0x02DA	0x080E      	MOVF       TMR1L, 0
0x02DB	0x04F0      	IORWF      R0, 1
0x02DC	0x3000      	MOVLW      0
0x02DD	0x04F1      	IORWF      R0+1, 1
;MyProject.c,82 :: 		distance = distance / 58.82;           // Convert to cm
0x02DE	0x2256      	CALL       _int2double
0x02DF	0x30AE      	MOVLW      174
0x02E0	0x00F4      	MOVWF      R4
0x02E1	0x3047      	MOVLW      71
0x02E2	0x00F5      	MOVWF      R4+1
0x02E3	0x306B      	MOVLW      107
0x02E4	0x00F6      	MOVWF      R4+2
0x02E5	0x3084      	MOVLW      132
0x02E6	0x00F7      	MOVWF      R4+3
0x02E7	0x219F      	CALL       _Div_32x32_FP
0x02E8	0x2142      	CALL       _double2int
;MyProject.c,83 :: 		return distance;
;MyProject.c,84 :: 		}
L_end_readDistanceCM:
0x02E9	0x0008      	RETURN
; end of _readDistanceCM
_moveBackward:
;MyProject.c,117 :: 		void moveBackward(){
;MyProject.c,118 :: 		PORTB = (PORTB & 0b10101111) | 0b10100000;
0x02EA	0x30AF      	MOVLW      175
0x02EB	0x1283      	BCF        STATUS, 5
0x02EC	0x1303      	BCF        STATUS, 6
0x02ED	0x0506      	ANDWF      PORTB, 0
0x02EE	0x00F0      	MOVWF      R0
0x02EF	0x30A0      	MOVLW      160
0x02F0	0x0470      	IORWF      R0, 0
0x02F1	0x0086      	MOVWF      PORTB
;MyProject.c,119 :: 		}
L_end_moveBackward:
0x02F2	0x0008      	RETURN
; end of _moveBackward
_turnLeft:
;MyProject.c,123 :: 		void turnLeft(){
;MyProject.c,124 :: 		PORTB = (PORTB & 0b10011111) | 0b10010000;
0x02F3	0x309F      	MOVLW      159
0x02F4	0x1283      	BCF        STATUS, 5
0x02F5	0x1303      	BCF        STATUS, 6
0x02F6	0x0506      	ANDWF      PORTB, 0
0x02F7	0x00F0      	MOVWF      R0
0x02F8	0x3090      	MOVLW      144
0x02F9	0x0470      	IORWF      R0, 0
0x02FA	0x0086      	MOVWF      PORTB
;MyProject.c,125 :: 		}
L_end_turnLeft:
0x02FB	0x0008      	RETURN
; end of _turnLeft
_setLeftMotorSpeed:
;MyProject.c,108 :: 		void setLeftMotorSpeed(int speed){
;MyProject.c,109 :: 		CCPR1L = speed; }
0x02FC	0x1283      	BCF        STATUS, 5
0x02FD	0x1303      	BCF        STATUS, 6
0x02FE	0x0838      	MOVF       FARG_setLeftMotorSpeed_speed, 0
0x02FF	0x0095      	MOVWF      CCPR1L
L_end_setLeftMotorSpeed:
0x0300	0x0008      	RETURN
; end of _setLeftMotorSpeed
_setRightMotorSpeed:
;MyProject.c,110 :: 		void setRightMotorSpeed(int speed){
;MyProject.c,111 :: 		CCPR2L = speed; }
0x0301	0x1283      	BCF        STATUS, 5
0x0302	0x1303      	BCF        STATUS, 6
0x0303	0x0838      	MOVF       FARG_setRightMotorSpeed_speed, 0
0x0304	0x009B      	MOVWF      CCPR2L
L_end_setRightMotorSpeed:
0x0305	0x0008      	RETURN
; end of _setRightMotorSpeed
_stopMotors:
;MyProject.c,126 :: 		void stopMotors(){
;MyProject.c,127 :: 		PORTB &= 0b00001111;
0x0306	0x300F      	MOVLW      15
0x0307	0x1283      	BCF        STATUS, 5
0x0308	0x1303      	BCF        STATUS, 6
0x0309	0x0586      	ANDWF      PORTB, 1
;MyProject.c,128 :: 		}
L_end_stopMotors:
0x030A	0x0008      	RETURN
; end of _stopMotors
_moveForward:
;MyProject.c,114 :: 		void moveForward(){
;MyProject.c,115 :: 		PORTB = (PORTB & 0b01011111) | 0b01010000;
0x030B	0x305F      	MOVLW      95
0x030C	0x1283      	BCF        STATUS, 5
0x030D	0x1303      	BCF        STATUS, 6
0x030E	0x0506      	ANDWF      PORTB, 0
0x030F	0x00F0      	MOVWF      R0
0x0310	0x3050      	MOVLW      80
0x0311	0x0470      	IORWF      R0, 0
0x0312	0x0086      	MOVWF      PORTB
;MyProject.c,116 :: 		}
L_end_moveForward:
0x0313	0x0008      	RETURN
; end of _moveForward
_ADC_read:
;MyProject.c,101 :: 		int ADC_read(){
;MyProject.c,102 :: 		ADCON0 |= 0x04;          // Start conversion
0x0314	0x1283      	BCF        STATUS, 5
0x0315	0x1303      	BCF        STATUS, 6
0x0316	0x151F      	BSF        ADCON0, 2
;MyProject.c,103 :: 		while(ADCON0 & 0x04);    // Wait until done
L_ADC_read14:
0x0317	0x1D1F      	BTFSS      ADCON0, 2
0x0318	0x2B1A      	GOTO       L_ADC_read15
0x0319	0x2B17      	GOTO       L_ADC_read14
L_ADC_read15:
;MyProject.c,104 :: 		return (ADRESH << 8) | ADRESL;
0x031A	0x081E      	MOVF       ADRESH, 0
0x031B	0x00F1      	MOVWF      R0+1
0x031C	0x01F0      	CLRF       R0
0x031D	0x1683      	BSF        STATUS, 5
0x031E	0x081E      	MOVF       ADRESL, 0
0x031F	0x04F0      	IORWF      R0, 1
0x0320	0x3000      	MOVLW      0
0x0321	0x04F1      	IORWF      R0+1, 1
;MyProject.c,105 :: 		}
L_end_ADC_read:
0x0322	0x0008      	RETURN
; end of _ADC_read
_delay_ms_T0:
;MyProject.c,43 :: 		void delay_ms_T0(int ms){
;MyProject.c,44 :: 		delayCounter = ms * 10;
0x0323	0x1283      	BCF        STATUS, 5
0x0324	0x1303      	BCF        STATUS, 6
0x0325	0x0838      	MOVF       FARG_delay_ms_T0_ms, 0
0x0326	0x00F0      	MOVWF      R0
0x0327	0x0839      	MOVF       FARG_delay_ms_T0_ms+1, 0
0x0328	0x00F1      	MOVWF      R0+1
0x0329	0x300A      	MOVLW      10
0x032A	0x00F4      	MOVWF      R4
0x032B	0x3000      	MOVLW      0
0x032C	0x00F5      	MOVWF      R4+1
0x032D	0x2274      	CALL       _Mul_16X16_U
0x032E	0x0870      	MOVF       R0, 0
0x032F	0x00A4      	MOVWF      _delayCounter
0x0330	0x0871      	MOVF       R0+1, 0
0x0331	0x00A5      	MOVWF      _delayCounter+1
;MyProject.c,45 :: 		while(delayCounter > 0);
L_delay_ms_T05:
0x0332	0x3080      	MOVLW      128
0x0333	0x00F0      	MOVWF      R0
0x0334	0x3080      	MOVLW      128
0x0335	0x0625      	XORWF      _delayCounter+1, 0
0x0336	0x0270      	SUBWF      R0, 0
0x0337	0x1D03      	BTFSS      STATUS, 2
0x0338	0x2B3B      	GOTO       L__delay_ms_T0105
0x0339	0x0824      	MOVF       _delayCounter, 0
0x033A	0x3C00      	SUBLW      0
L__delay_ms_T0105:
0x033B	0x1803      	BTFSC      STATUS, 0
0x033C	0x2B3E      	GOTO       L_delay_ms_T06
0x033D	0x2B32      	GOTO       L_delay_ms_T05
L_delay_ms_T06:
;MyProject.c,46 :: 		}
L_end_delay_ms_T0:
0x033E	0x0008      	RETURN
; end of _delay_ms_T0
___CC2DW:
;__Lib_System.c,134 :: 		
;__Lib_System.c,137 :: 		
_CC2D_Loop1:
;__Lib_System.c,139 :: 		
0x033F	0x229F      	CALL       _____DoICP
0x0340	0x118A      	BCF        PCLATH, 3
0x0341	0x120A      	BCF        PCLATH, 4
;__Lib_System.c,141 :: 		
0x0342	0x0080      	MOVWF      INDF
;__Lib_System.c,142 :: 		
0x0343	0x0A84      	INCF       FSR, 1
;__Lib_System.c,143 :: 		
0x0344	0x0AB0      	INCF       ___DoICPAddr, 1
;__Lib_System.c,145 :: 		
0x0345	0x1903      	BTFSC      STATUS, 2
;__Lib_System.c,146 :: 		
0x0346	0x0AB1      	INCF       ___DoICPAddr+1, 1
;__Lib_System.c,147 :: 		
0x0347	0x03F0      	DECF       R0, 1
;__Lib_System.c,149 :: 		
0x0348	0x1D03      	BTFSS      STATUS, 2
;__Lib_System.c,150 :: 		
0x0349	0x2B3F      	GOTO       _CC2D_Loop1
;__Lib_System.c,152 :: 		
L_end___CC2DW:
0x034A	0x0008      	RETURN
; end of ___CC2DW
_ADC_init:
;MyProject.c,96 :: 		void ADC_init(){
;MyProject.c,97 :: 		ADCON0 = 0x41; // ADC ON, channel 0, Fosc/16
0x034B	0x3041      	MOVLW      65
0x034C	0x1283      	BCF        STATUS, 5
0x034D	0x1303      	BCF        STATUS, 6
0x034E	0x009F      	MOVWF      ADCON0
;MyProject.c,98 :: 		ADCON1 = 0xCE; // RA0 analog, others digital, right aligned
0x034F	0x30CE      	MOVLW      206
0x0350	0x1683      	BSF        STATUS, 5
0x0351	0x009F      	MOVWF      ADCON1
;MyProject.c,99 :: 		}
L_end_ADC_init:
0x0352	0x0008      	RETURN
; end of _ADC_init
_turnRight:
;MyProject.c,120 :: 		void turnRight(){
;MyProject.c,121 :: 		PORTB = (PORTB & 0b01101111) | 0b01100000;
0x0353	0x306F      	MOVLW      111
0x0354	0x1283      	BCF        STATUS, 5
0x0355	0x1303      	BCF        STATUS, 6
0x0356	0x0506      	ANDWF      PORTB, 0
0x0357	0x00F0      	MOVWF      R0
0x0358	0x3060      	MOVLW      96
0x0359	0x0470      	IORWF      R0, 0
0x035A	0x0086      	MOVWF      PORTB
;MyProject.c,122 :: 		}
L_end_turnRight:
0x035B	0x0008      	RETURN
; end of _turnRight
_setServoAngle:
;MyProject.c,56 :: 		void setServoAngle(int angle){
;MyProject.c,57 :: 		if(angle > 180) angle = 180;
0x035C	0x3080      	MOVLW      128
0x035D	0x1283      	BCF        STATUS, 5
0x035E	0x1303      	BCF        STATUS, 6
0x035F	0x00F0      	MOVWF      R0
0x0360	0x3080      	MOVLW      128
0x0361	0x0639      	XORWF      FARG_setServoAngle_angle+1, 0
0x0362	0x0270      	SUBWF      R0, 0
0x0363	0x1D03      	BTFSS      STATUS, 2
0x0364	0x2B67      	GOTO       L__setServoAngle109
0x0365	0x0838      	MOVF       FARG_setServoAngle_angle, 0
0x0366	0x3CB4      	SUBLW      180
L__setServoAngle109:
0x0367	0x1803      	BTFSC      STATUS, 0
0x0368	0x2B6C      	GOTO       L_setServoAngle9
0x0369	0x30B4      	MOVLW      180
0x036A	0x00B8      	MOVWF      FARG_setServoAngle_angle
0x036B	0x01B9      	CLRF       FARG_setServoAngle_angle+1
L_setServoAngle9:
;MyProject.c,58 :: 		servoPulseWidth = 10 + (angle * 10) / 180;
0x036C	0x0838      	MOVF       FARG_setServoAngle_angle, 0
0x036D	0x00F0      	MOVWF      R0
0x036E	0x0839      	MOVF       FARG_setServoAngle_angle+1, 0
0x036F	0x00F1      	MOVWF      R0+1
0x0370	0x300A      	MOVLW      10
0x0371	0x00F4      	MOVWF      R4
0x0372	0x3000      	MOVLW      0
0x0373	0x00F5      	MOVWF      R4+1
0x0374	0x2274      	CALL       _Mul_16X16_U
0x0375	0x30B4      	MOVLW      180
0x0376	0x00F4      	MOVWF      R4
0x0377	0x01F5      	CLRF       R4+1
0x0378	0x209D      	CALL       _Div_16x16_S
0x0379	0x0870      	MOVF       R0, 0
0x037A	0x3E0A      	ADDLW      10
0x037B	0x00AE      	MOVWF      _servoPulseWidth
0x037C	0x3000      	MOVLW      0
0x037D	0x1803      	BTFSC      STATUS, 0
0x037E	0x3E01      	ADDLW      1
0x037F	0x0771      	ADDWF      R0+1, 0
0x0380	0x00AF      	MOVWF      _servoPulseWidth+1
;MyProject.c,59 :: 		}
L_end_setServoAngle:
0x0381	0x0008      	RETURN
; end of _setServoAngle
_PWM_init:
;MyProject.c,88 :: 		void PWM_init(){
;MyProject.c,89 :: 		T2CON = 0x07;      // Timer2 prescaler 1:16
0x0382	0x3007      	MOVLW      7
0x0383	0x1283      	BCF        STATUS, 5
0x0384	0x1303      	BCF        STATUS, 6
0x0385	0x0092      	MOVWF      T2CON
;MyProject.c,90 :: 		CCP1CON = 0x0C;    // PWM enable CCP1
0x0386	0x300C      	MOVLW      12
0x0387	0x0097      	MOVWF      CCP1CON
;MyProject.c,91 :: 		CCP2CON = 0x0C;    // PWM enable CCP2
0x0388	0x300C      	MOVLW      12
0x0389	0x009D      	MOVWF      CCP2CON
;MyProject.c,92 :: 		PR2 = 250;         // 2ms period
0x038A	0x30FA      	MOVLW      250
0x038B	0x1683      	BSF        STATUS, 5
0x038C	0x0092      	MOVWF      PR2
;MyProject.c,93 :: 		}
L_end_PWM_init:
0x038D	0x0008      	RETURN
; end of _PWM_init
_main:
0x038E	0x1283      	BCF        STATUS, 5
0x038F	0x1303      	BCF        STATUS, 6
0x0390	0x01A2      	CLRF       _timerTick
0x0391	0x01A3      	CLRF       35
0x0392	0x01A4      	CLRF       _delayCounter
0x0393	0x01A5      	CLRF       37
0x0394	0x01A6      	CLRF       _flagStage2
0x0395	0x01A7      	CLRF       39
0x0396	0x01A8      	CLRF       _lightFlag
0x0397	0x01A9      	CLRF       41
0x0398	0x3001      	MOVLW      1
0x0399	0x00AA      	MOVWF      _operationStage
0x039A	0x01AB      	CLRF       43
0x039B	0x01AC      	CLRF       _flagStage3
0x039C	0x01AD      	CLRF       45
0x039D	0x300F      	MOVLW      15
0x039E	0x00AE      	MOVWF      _servoPulseWidth
0x039F	0x01AF      	CLRF       47
;MyProject.c,132 :: 		void main(){
;MyProject.c,134 :: 		TRISA = 0x01;
0x03A0	0x3001      	MOVLW      1
0x03A1	0x1683      	BSF        STATUS, 5
0x03A2	0x0085      	MOVWF      TRISA
;MyProject.c,135 :: 		TRISB = 0X08;
0x03A3	0x3008      	MOVLW      8
0x03A4	0x0086      	MOVWF      TRISB
;MyProject.c,136 :: 		TRISC = 0X20;
0x03A5	0x3020      	MOVLW      32
0x03A6	0x0087      	MOVWF      TRISC
;MyProject.c,137 :: 		TRISD = 0XF4;
0x03A7	0x30F4      	MOVLW      244
0x03A8	0x0088      	MOVWF      TRISD
;MyProject.c,139 :: 		PORTA = 0x00;
0x03A9	0x1283      	BCF        STATUS, 5
0x03AA	0x0185      	CLRF       PORTA
;MyProject.c,140 :: 		PORTB = 0x00;
0x03AB	0x0186      	CLRF       PORTB
;MyProject.c,141 :: 		PORTC = 0x00;
0x03AC	0x0187      	CLRF       PORTC
;MyProject.c,142 :: 		PORTD = 0x00;
0x03AD	0x0188      	CLRF       PORTD
;MyProject.c,145 :: 		OPTION_REG = 0b00000010; // Prescaler 1:8
0x03AE	0x3002      	MOVLW      2
0x03AF	0x1683      	BSF        STATUS, 5
0x03B0	0x0081      	MOVWF      OPTION_REG
;MyProject.c,146 :: 		INTCON = 0xA0;           // Enable TMR0 interrupt & global interrupt
0x03B1	0x30A0      	MOVLW      160
0x03B2	0x008B      	MOVWF      INTCON
;MyProject.c,147 :: 		TMR0 = 231;
0x03B3	0x30E7      	MOVLW      231
0x03B4	0x1283      	BCF        STATUS, 5
0x03B5	0x0081      	MOVWF      TMR0
;MyProject.c,149 :: 		T1CON = 0x10;            // Timer1 setup
0x03B6	0x3010      	MOVLW      16
0x03B7	0x0090      	MOVWF      T1CON
;MyProject.c,150 :: 		ADC_init();               // ADC init
0x03B8	0x234B      	CALL       _ADC_init
;MyProject.c,151 :: 		PWM_init();               // PWM init
0x03B9	0x2382      	CALL       _PWM_init
;MyProject.c,152 :: 		setServoAngle(0);
0x03BA	0x1283      	BCF        STATUS, 5
0x03BB	0x01B8      	CLRF       FARG_setServoAngle_angle
0x03BC	0x01B9      	CLRF       FARG_setServoAngle_angle+1
0x03BD	0x235C      	CALL       _setServoAngle
;MyProject.c,153 :: 		operationStage=1;
0x03BE	0x3001      	MOVLW      1
0x03BF	0x00AA      	MOVWF      _operationStage
0x03C0	0x3000      	MOVLW      0
0x03C1	0x00AB      	MOVWF      _operationStage+1
;MyProject.c,154 :: 		lightFlag=0;
0x03C2	0x01A8      	CLRF       _lightFlag
0x03C3	0x01A9      	CLRF       _lightFlag+1
;MyProject.c,155 :: 		flagStage2=0;
0x03C4	0x01A6      	CLRF       _flagStage2
0x03C5	0x01A7      	CLRF       _flagStage2+1
;MyProject.c,156 :: 		flagStage3=0;
0x03C6	0x01AC      	CLRF       _flagStage3
0x03C7	0x01AD      	CLRF       _flagStage3+1
;MyProject.c,157 :: 		delay_ms_T0(3000);
0x03C8	0x30B8      	MOVLW      184
0x03C9	0x00B8      	MOVWF      FARG_delay_ms_T0_ms
0x03CA	0x300B      	MOVLW      11
0x03CB	0x00B9      	MOVWF      FARG_delay_ms_T0_ms+1
0x03CC	0x2323      	CALL       _delay_ms_T0
;MyProject.c,158 :: 		PORTB= PORTB |   0X01;
0x03CD	0x1406      	BSF        PORTB, 0
;MyProject.c,159 :: 		while(1){
L_main16:
;MyProject.c,160 :: 		if(operationStage == 1){
0x03CE	0x3000      	MOVLW      0
0x03CF	0x062B      	XORWF      _operationStage+1, 0
0x03D0	0x1D03      	BTFSS      STATUS, 2
0x03D1	0x2BD4      	GOTO       L__main122
0x03D2	0x3001      	MOVLW      1
0x03D3	0x062A      	XORWF      _operationStage, 0
L__main122:
0x03D4	0x1D03      	BTFSS      STATUS, 2
0x03D5	0x2C5D      	GOTO       L_main18
;MyProject.c,162 :: 		lightSensorValue = ADC_read();
0x03D6	0x2314      	CALL       _ADC_read
0x03D7	0x0870      	MOVF       R0, 0
0x03D8	0x1283      	BCF        STATUS, 5
0x03D9	0x00B4      	MOVWF      _lightSensorValue
0x03DA	0x0871      	MOVF       R0+1, 0
0x03DB	0x00B5      	MOVWF      _lightSensorValue+1
;MyProject.c,164 :: 		if(lightSensorValue < 750){
0x03DC	0x3080      	MOVLW      128
0x03DD	0x0671      	XORWF      R0+1, 0
0x03DE	0x00F2      	MOVWF      R2
0x03DF	0x3080      	MOVLW      128
0x03E0	0x3A02      	XORLW      2
0x03E1	0x0272      	SUBWF      R2, 0
0x03E2	0x1D03      	BTFSS      STATUS, 2
0x03E3	0x2BE6      	GOTO       L__main123
0x03E4	0x30EE      	MOVLW      238
0x03E5	0x0270      	SUBWF      R0, 0
L__main123:
0x03E6	0x1803      	BTFSC      STATUS, 0
0x03E7	0x2BEE      	GOTO       L_main19
;MyProject.c,165 :: 		PORTD |= 0b00000010;
0x03E8	0x1488      	BSF        PORTD, 1
;MyProject.c,166 :: 		lightFlag = 1;
0x03E9	0x3001      	MOVLW      1
0x03EA	0x00A8      	MOVWF      _lightFlag
0x03EB	0x3000      	MOVLW      0
0x03EC	0x00A9      	MOVWF      _lightFlag+1
;MyProject.c,167 :: 		} else {
0x03ED	0x2BFC      	GOTO       L_main20
L_main19:
;MyProject.c,168 :: 		PORTD &= 0b11111101;
0x03EE	0x30FD      	MOVLW      253
0x03EF	0x0588      	ANDWF      PORTD, 1
;MyProject.c,169 :: 		if(lightFlag == 1) {
0x03F0	0x3000      	MOVLW      0
0x03F1	0x0629      	XORWF      _lightFlag+1, 0
0x03F2	0x1D03      	BTFSS      STATUS, 2
0x03F3	0x2BF6      	GOTO       L__main124
0x03F4	0x3001      	MOVLW      1
0x03F5	0x0628      	XORWF      _lightFlag, 0
L__main124:
0x03F6	0x1D03      	BTFSS      STATUS, 2
0x03F7	0x2BFC      	GOTO       L_main21
;MyProject.c,170 :: 		operationStage = 2;
0x03F8	0x3002      	MOVLW      2
0x03F9	0x00AA      	MOVWF      _operationStage
0x03FA	0x3000      	MOVLW      0
0x03FB	0x00AB      	MOVWF      _operationStage+1
;MyProject.c,171 :: 		}
L_main21:
;MyProject.c,172 :: 		}
L_main20:
;MyProject.c,175 :: 		if(!(PORTD & 0b00100000) && !(PORTD & 0b00010000)){
0x03FC	0x1A88      	BTFSC      PORTD, 5
0x03FD	0x2C0C      	GOTO       L_main24
0x03FE	0x1A08      	BTFSC      PORTD, 4
0x03FF	0x2C0C      	GOTO       L_main24
L__main98:
;MyProject.c,176 :: 		moveForward(); setLeftMotorSpeed(75); setRightMotorSpeed(75);
0x0400	0x230B      	CALL       _moveForward
0x0401	0x304B      	MOVLW      75
0x0402	0x00B8      	MOVWF      FARG_setLeftMotorSpeed_speed
0x0403	0x3000      	MOVLW      0
0x0404	0x00B9      	MOVWF      FARG_setLeftMotorSpeed_speed+1
0x0405	0x22FC      	CALL       _setLeftMotorSpeed
0x0406	0x304B      	MOVLW      75
0x0407	0x00B8      	MOVWF      FARG_setRightMotorSpeed_speed
0x0408	0x3000      	MOVLW      0
0x0409	0x00B9      	MOVWF      FARG_setRightMotorSpeed_speed+1
0x040A	0x2301      	CALL       _setRightMotorSpeed
;MyProject.c,177 :: 		} else if(!(PORTD & 0b00100000) && (PORTD & 0b00010000)){
0x040B	0x2C5C      	GOTO       L_main25
L_main24:
0x040C	0x1A88      	BTFSC      PORTD, 5
0x040D	0x2C1A      	GOTO       L_main28
0x040E	0x1E08      	BTFSS      PORTD, 4
0x040F	0x2C1A      	GOTO       L_main28
L__main97:
;MyProject.c,178 :: 		moveForward(); setLeftMotorSpeed(0); setRightMotorSpeed(75);
0x0410	0x230B      	CALL       _moveForward
0x0411	0x01B8      	CLRF       FARG_setLeftMotorSpeed_speed
0x0412	0x01B9      	CLRF       FARG_setLeftMotorSpeed_speed+1
0x0413	0x22FC      	CALL       _setLeftMotorSpeed
0x0414	0x304B      	MOVLW      75
0x0415	0x00B8      	MOVWF      FARG_setRightMotorSpeed_speed
0x0416	0x3000      	MOVLW      0
0x0417	0x00B9      	MOVWF      FARG_setRightMotorSpeed_speed+1
0x0418	0x2301      	CALL       _setRightMotorSpeed
;MyProject.c,179 :: 		} else if((PORTD & 0b00100000) && !(PORTD & 0b00010000)){
0x0419	0x2C5C      	GOTO       L_main29
L_main28:
0x041A	0x1E88      	BTFSS      PORTD, 5
0x041B	0x2C28      	GOTO       L_main32
0x041C	0x1A08      	BTFSC      PORTD, 4
0x041D	0x2C28      	GOTO       L_main32
L__main96:
;MyProject.c,180 :: 		moveForward(); setLeftMotorSpeed(75); setRightMotorSpeed(0);
0x041E	0x230B      	CALL       _moveForward
0x041F	0x304B      	MOVLW      75
0x0420	0x00B8      	MOVWF      FARG_setLeftMotorSpeed_speed
0x0421	0x3000      	MOVLW      0
0x0422	0x00B9      	MOVWF      FARG_setLeftMotorSpeed_speed+1
0x0423	0x22FC      	CALL       _setLeftMotorSpeed
0x0424	0x01B8      	CLRF       FARG_setRightMotorSpeed_speed
0x0425	0x01B9      	CLRF       FARG_setRightMotorSpeed_speed+1
0x0426	0x2301      	CALL       _setRightMotorSpeed
;MyProject.c,181 :: 		} else if((PORTD & 0b00100000) && (PORTD & 0b00010000)){
0x0427	0x2C5C      	GOTO       L_main33
L_main32:
0x0428	0x1E88      	BTFSS      PORTD, 5
0x0429	0x2C5C      	GOTO       L_main36
0x042A	0x1E08      	BTFSS      PORTD, 4
0x042B	0x2C5C      	GOTO       L_main36
L__main95:
;MyProject.c,182 :: 		stopMotors(); delay_ms_T0(1000);
0x042C	0x2306      	CALL       _stopMotors
0x042D	0x30E8      	MOVLW      232
0x042E	0x00B8      	MOVWF      FARG_delay_ms_T0_ms
0x042F	0x3003      	MOVLW      3
0x0430	0x00B9      	MOVWF      FARG_delay_ms_T0_ms+1
0x0431	0x2323      	CALL       _delay_ms_T0
;MyProject.c,183 :: 		moveForward(); setLeftMotorSpeed(75); setRightMotorSpeed(75);
0x0432	0x230B      	CALL       _moveForward
0x0433	0x304B      	MOVLW      75
0x0434	0x00B8      	MOVWF      FARG_setLeftMotorSpeed_speed
0x0435	0x3000      	MOVLW      0
0x0436	0x00B9      	MOVWF      FARG_setLeftMotorSpeed_speed+1
0x0437	0x22FC      	CALL       _setLeftMotorSpeed
0x0438	0x304B      	MOVLW      75
0x0439	0x00B8      	MOVWF      FARG_setRightMotorSpeed_speed
0x043A	0x3000      	MOVLW      0
0x043B	0x00B9      	MOVWF      FARG_setRightMotorSpeed_speed+1
0x043C	0x2301      	CALL       _setRightMotorSpeed
;MyProject.c,184 :: 		delay_ms_T0(300); stopMotors(); delay_ms_T0(1000);
0x043D	0x302C      	MOVLW      44
0x043E	0x00B8      	MOVWF      FARG_delay_ms_T0_ms
0x043F	0x3001      	MOVLW      1
0x0440	0x00B9      	MOVWF      FARG_delay_ms_T0_ms+1
0x0441	0x2323      	CALL       _delay_ms_T0
0x0442	0x2306      	CALL       _stopMotors
0x0443	0x30E8      	MOVLW      232
0x0444	0x00B8      	MOVWF      FARG_delay_ms_T0_ms
0x0445	0x3003      	MOVLW      3
0x0446	0x00B9      	MOVWF      FARG_delay_ms_T0_ms+1
0x0447	0x2323      	CALL       _delay_ms_T0
;MyProject.c,185 :: 		turnLeft(); setLeftMotorSpeed(75); setRightMotorSpeed(75);
0x0448	0x22F3      	CALL       _turnLeft
0x0449	0x304B      	MOVLW      75
0x044A	0x00B8      	MOVWF      FARG_setLeftMotorSpeed_speed
0x044B	0x3000      	MOVLW      0
0x044C	0x00B9      	MOVWF      FARG_setLeftMotorSpeed_speed+1
0x044D	0x22FC      	CALL       _setLeftMotorSpeed
0x044E	0x304B      	MOVLW      75
0x044F	0x00B8      	MOVWF      FARG_setRightMotorSpeed_speed
0x0450	0x3000      	MOVLW      0
0x0451	0x00B9      	MOVWF      FARG_setRightMotorSpeed_speed+1
0x0452	0x2301      	CALL       _setRightMotorSpeed
;MyProject.c,186 :: 		while(!(PORTD & 0b00010000));
L_main37:
0x0453	0x1A08      	BTFSC      PORTD, 4
0x0454	0x2C56      	GOTO       L_main38
0x0455	0x2C53      	GOTO       L_main37
L_main38:
;MyProject.c,187 :: 		stopMotors(); delay_ms_T0(1000);
0x0456	0x2306      	CALL       _stopMotors
0x0457	0x30E8      	MOVLW      232
0x0458	0x00B8      	MOVWF      FARG_delay_ms_T0_ms
0x0459	0x3003      	MOVLW      3
0x045A	0x00B9      	MOVWF      FARG_delay_ms_T0_ms+1
0x045B	0x2323      	CALL       _delay_ms_T0
;MyProject.c,188 :: 		}
L_main36:
L_main33:
L_main29:
L_main25:
;MyProject.c,190 :: 		} else {
0x045C	0x2E16      	GOTO       L_main39
L_main18:
;MyProject.c,192 :: 		if(flagStage2 == 0){
0x045D	0x3000      	MOVLW      0
0x045E	0x0627      	XORWF      _flagStage2+1, 0
0x045F	0x1D03      	BTFSS      STATUS, 2
0x0460	0x2C63      	GOTO       L__main125
0x0461	0x3000      	MOVLW      0
0x0462	0x0626      	XORWF      _flagStage2, 0
L__main125:
0x0463	0x1D03      	BTFSS      STATUS, 2
0x0464	0x2C9C      	GOTO       L_main40
;MyProject.c,193 :: 		stopMotors(); delay_ms_T0(1000);
0x0465	0x2306      	CALL       _stopMotors
0x0466	0x30E8      	MOVLW      232
0x0467	0x00B8      	MOVWF      FARG_delay_ms_T0_ms
0x0468	0x3003      	MOVLW      3
0x0469	0x00B9      	MOVWF      FARG_delay_ms_T0_ms+1
0x046A	0x2323      	CALL       _delay_ms_T0
;MyProject.c,194 :: 		moveForward(); setLeftMotorSpeed(70); setRightMotorSpeed(70);
0x046B	0x230B      	CALL       _moveForward
0x046C	0x3046      	MOVLW      70
0x046D	0x00B8      	MOVWF      FARG_setLeftMotorSpeed_speed
0x046E	0x3000      	MOVLW      0
0x046F	0x00B9      	MOVWF      FARG_setLeftMotorSpeed_speed+1
0x0470	0x22FC      	CALL       _setLeftMotorSpeed
0x0471	0x3046      	MOVLW      70
0x0472	0x00B8      	MOVWF      FARG_setRightMotorSpeed_speed
0x0473	0x3000      	MOVLW      0
0x0474	0x00B9      	MOVWF      FARG_setRightMotorSpeed_speed+1
0x0475	0x2301      	CALL       _setRightMotorSpeed
;MyProject.c,195 :: 		delay_ms_T0(400); stopMotors(); delay_ms_T0(1000);
0x0476	0x3090      	MOVLW      144
0x0477	0x00B8      	MOVWF      FARG_delay_ms_T0_ms
0x0478	0x3001      	MOVLW      1
0x0479	0x00B9      	MOVWF      FARG_delay_ms_T0_ms+1
0x047A	0x2323      	CALL       _delay_ms_T0
0x047B	0x2306      	CALL       _stopMotors
0x047C	0x30E8      	MOVLW      232
0x047D	0x00B8      	MOVWF      FARG_delay_ms_T0_ms
0x047E	0x3003      	MOVLW      3
0x047F	0x00B9      	MOVWF      FARG_delay_ms_T0_ms+1
0x0480	0x2323      	CALL       _delay_ms_T0
;MyProject.c,196 :: 		turnRight(); setLeftMotorSpeed(70); setRightMotorSpeed(70);
0x0481	0x2353      	CALL       _turnRight
0x0482	0x3046      	MOVLW      70
0x0483	0x00B8      	MOVWF      FARG_setLeftMotorSpeed_speed
0x0484	0x3000      	MOVLW      0
0x0485	0x00B9      	MOVWF      FARG_setLeftMotorSpeed_speed+1
0x0486	0x22FC      	CALL       _setLeftMotorSpeed
0x0487	0x3046      	MOVLW      70
0x0488	0x00B8      	MOVWF      FARG_setRightMotorSpeed_speed
0x0489	0x3000      	MOVLW      0
0x048A	0x00B9      	MOVWF      FARG_setRightMotorSpeed_speed+1
0x048B	0x2301      	CALL       _setRightMotorSpeed
;MyProject.c,197 :: 		delay_ms_T0(300); stopMotors(); delay_ms_T0(1000);
0x048C	0x302C      	MOVLW      44
0x048D	0x00B8      	MOVWF      FARG_delay_ms_T0_ms
0x048E	0x3001      	MOVLW      1
0x048F	0x00B9      	MOVWF      FARG_delay_ms_T0_ms+1
0x0490	0x2323      	CALL       _delay_ms_T0
0x0491	0x2306      	CALL       _stopMotors
0x0492	0x30E8      	MOVLW      232
0x0493	0x00B8      	MOVWF      FARG_delay_ms_T0_ms
0x0494	0x3003      	MOVLW      3
0x0495	0x00B9      	MOVWF      FARG_delay_ms_T0_ms+1
0x0496	0x2323      	CALL       _delay_ms_T0
;MyProject.c,198 :: 		flagStage2 = 1;
0x0497	0x3001      	MOVLW      1
0x0498	0x00A6      	MOVWF      _flagStage2
0x0499	0x3000      	MOVLW      0
0x049A	0x00A7      	MOVWF      _flagStage2+1
;MyProject.c,199 :: 		} else {
0x049B	0x2E16      	GOTO       L_main41
L_main40:
;MyProject.c,200 :: 		if(flagStage3 == 0){
0x049C	0x3000      	MOVLW      0
0x049D	0x062D      	XORWF      _flagStage3+1, 0
0x049E	0x1D03      	BTFSS      STATUS, 2
0x049F	0x2CA2      	GOTO       L__main126
0x04A0	0x3000      	MOVLW      0
0x04A1	0x062C      	XORWF      _flagStage3, 0
L__main126:
0x04A2	0x1D03      	BTFSS      STATUS, 2
0x04A3	0x2DA5      	GOTO       L_main42
;MyProject.c,201 :: 		if((PORTD & 0b00100000) || (PORTD & 0b00010000)){
0x04A4	0x1A88      	BTFSC      PORTD, 5
0x04A5	0x2CA9      	GOTO       L__main94
0x04A6	0x1A08      	BTFSC      PORTD, 4
0x04A7	0x2CA9      	GOTO       L__main94
0x04A8	0x2CAE      	GOTO       L_main45
L__main94:
;MyProject.c,202 :: 		flagStage3 = 1;
0x04A9	0x3001      	MOVLW      1
0x04AA	0x00AC      	MOVWF      _flagStage3
0x04AB	0x3000      	MOVLW      0
0x04AC	0x00AD      	MOVWF      _flagStage3+1
;MyProject.c,203 :: 		} else { flagStage3 = 0; }
0x04AD	0x2CB0      	GOTO       L_main46
L_main45:
0x04AE	0x01AC      	CLRF       _flagStage3
0x04AF	0x01AD      	CLRF       _flagStage3+1
L_main46:
;MyProject.c,205 :: 		measuredDistance = readDistanceCM();
0x04B0	0x22C2      	CALL       _readDistanceCM
0x04B1	0x0870      	MOVF       R0, 0
0x04B2	0x00B2      	MOVWF      _measuredDistance
0x04B3	0x0871      	MOVF       R0+1, 0
0x04B4	0x00B3      	MOVWF      _measuredDistance+1
;MyProject.c,208 :: 		if((measuredDistance < 25) && (PORTC&0B10000000) && (PORTC&0B01000000)){
0x04B5	0x3080      	MOVLW      128
0x04B6	0x0671      	XORWF      R0+1, 0
0x04B7	0x00F2      	MOVWF      R2
0x04B8	0x3080      	MOVLW      128
0x04B9	0x0272      	SUBWF      R2, 0
0x04BA	0x1D03      	BTFSS      STATUS, 2
0x04BB	0x2CBE      	GOTO       L__main127
0x04BC	0x3019      	MOVLW      25
0x04BD	0x0270      	SUBWF      R0, 0
L__main127:
0x04BE	0x1803      	BTFSC      STATUS, 0
0x04BF	0x2CE1      	GOTO       L_main49
0x04C0	0x1F87      	BTFSS      PORTC, 7
0x04C1	0x2CE1      	GOTO       L_main49
0x04C2	0x1F07      	BTFSS      PORTC, 6
0x04C3	0x2CE1      	GOTO       L_main49
L__main93:
;MyProject.c,209 :: 		stopMotors(); delay_ms_T0(1000);
0x04C4	0x2306      	CALL       _stopMotors
0x04C5	0x30E8      	MOVLW      232
0x04C6	0x00B8      	MOVWF      FARG_delay_ms_T0_ms
0x04C7	0x3003      	MOVLW      3
0x04C8	0x00B9      	MOVWF      FARG_delay_ms_T0_ms+1
0x04C9	0x2323      	CALL       _delay_ms_T0
;MyProject.c,210 :: 		turnRight();
0x04CA	0x2353      	CALL       _turnRight
;MyProject.c,211 :: 		setLeftMotorSpeed(70);
0x04CB	0x3046      	MOVLW      70
0x04CC	0x00B8      	MOVWF      FARG_setLeftMotorSpeed_speed
0x04CD	0x3000      	MOVLW      0
0x04CE	0x00B9      	MOVWF      FARG_setLeftMotorSpeed_speed+1
0x04CF	0x22FC      	CALL       _setLeftMotorSpeed
;MyProject.c,212 :: 		setRightMotorSpeed(70);
0x04D0	0x3046      	MOVLW      70
0x04D1	0x00B8      	MOVWF      FARG_setRightMotorSpeed_speed
0x04D2	0x3000      	MOVLW      0
0x04D3	0x00B9      	MOVWF      FARG_setRightMotorSpeed_speed+1
0x04D4	0x2301      	CALL       _setRightMotorSpeed
;MyProject.c,213 :: 		delay_ms_T0(300);
0x04D5	0x302C      	MOVLW      44
0x04D6	0x00B8      	MOVWF      FARG_delay_ms_T0_ms
0x04D7	0x3001      	MOVLW      1
0x04D8	0x00B9      	MOVWF      FARG_delay_ms_T0_ms+1
0x04D9	0x2323      	CALL       _delay_ms_T0
;MyProject.c,214 :: 		stopMotors();
0x04DA	0x2306      	CALL       _stopMotors
;MyProject.c,215 :: 		delay_ms_T0(1000);
0x04DB	0x30E8      	MOVLW      232
0x04DC	0x00B8      	MOVWF      FARG_delay_ms_T0_ms
0x04DD	0x3003      	MOVLW      3
0x04DE	0x00B9      	MOVWF      FARG_delay_ms_T0_ms+1
0x04DF	0x2323      	CALL       _delay_ms_T0
;MyProject.c,216 :: 		}else if ((measuredDistance<20) && (PORTC&0B10000000) &&  !(PORTC&0B01000000)){
0x04E0	0x2DA4      	GOTO       L_main50
L_main49:
0x04E1	0x3080      	MOVLW      128
0x04E2	0x0633      	XORWF      _measuredDistance+1, 0
0x04E3	0x00F0      	MOVWF      R0
0x04E4	0x3080      	MOVLW      128
0x04E5	0x0270      	SUBWF      R0, 0
0x04E6	0x1D03      	BTFSS      STATUS, 2
0x04E7	0x2CEA      	GOTO       L__main128
0x04E8	0x3014      	MOVLW      20
0x04E9	0x0232      	SUBWF      _measuredDistance, 0
L__main128:
0x04EA	0x1803      	BTFSC      STATUS, 0
0x04EB	0x2D22      	GOTO       L_main53
0x04EC	0x1F87      	BTFSS      PORTC, 7
0x04ED	0x2D22      	GOTO       L_main53
0x04EE	0x1B07      	BTFSC      PORTC, 6
0x04EF	0x2D22      	GOTO       L_main53
L__main92:
;MyProject.c,217 :: 		stopMotors();
0x04F0	0x2306      	CALL       _stopMotors
;MyProject.c,218 :: 		delay_ms_T0(1000);
0x04F1	0x30E8      	MOVLW      232
0x04F2	0x00B8      	MOVWF      FARG_delay_ms_T0_ms
0x04F3	0x3003      	MOVLW      3
0x04F4	0x00B9      	MOVWF      FARG_delay_ms_T0_ms+1
0x04F5	0x2323      	CALL       _delay_ms_T0
;MyProject.c,219 :: 		moveBackward();
0x04F6	0x22EA      	CALL       _moveBackward
;MyProject.c,220 :: 		setLeftMotorSpeed(80);
0x04F7	0x3050      	MOVLW      80
0x04F8	0x00B8      	MOVWF      FARG_setLeftMotorSpeed_speed
0x04F9	0x3000      	MOVLW      0
0x04FA	0x00B9      	MOVWF      FARG_setLeftMotorSpeed_speed+1
0x04FB	0x22FC      	CALL       _setLeftMotorSpeed
;MyProject.c,221 :: 		setRightMotorSpeed(80);
0x04FC	0x3050      	MOVLW      80
0x04FD	0x00B8      	MOVWF      FARG_setRightMotorSpeed_speed
0x04FE	0x3000      	MOVLW      0
0x04FF	0x00B9      	MOVWF      FARG_setRightMotorSpeed_speed+1
0x0500	0x2301      	CALL       _setRightMotorSpeed
;MyProject.c,222 :: 		delay_ms_T0(250);
0x0501	0x30FA      	MOVLW      250
0x0502	0x00B8      	MOVWF      FARG_delay_ms_T0_ms
0x0503	0x01B9      	CLRF       FARG_delay_ms_T0_ms+1
0x0504	0x2323      	CALL       _delay_ms_T0
;MyProject.c,223 :: 		stopMotors();
0x0505	0x2306      	CALL       _stopMotors
;MyProject.c,224 :: 		delay_ms_T0(1000);
0x0506	0x30E8      	MOVLW      232
0x0507	0x00B8      	MOVWF      FARG_delay_ms_T0_ms
0x0508	0x3003      	MOVLW      3
0x0509	0x00B9      	MOVWF      FARG_delay_ms_T0_ms+1
0x050A	0x2323      	CALL       _delay_ms_T0
;MyProject.c,225 :: 		turnLeft();
0x050B	0x22F3      	CALL       _turnLeft
;MyProject.c,226 :: 		setLeftMotorSpeed(80);
0x050C	0x3050      	MOVLW      80
0x050D	0x00B8      	MOVWF      FARG_setLeftMotorSpeed_speed
0x050E	0x3000      	MOVLW      0
0x050F	0x00B9      	MOVWF      FARG_setLeftMotorSpeed_speed+1
0x0510	0x22FC      	CALL       _setLeftMotorSpeed
;MyProject.c,227 :: 		setRightMotorSpeed(80);
0x0511	0x3050      	MOVLW      80
0x0512	0x00B8      	MOVWF      FARG_setRightMotorSpeed_speed
0x0513	0x3000      	MOVLW      0
0x0514	0x00B9      	MOVWF      FARG_setRightMotorSpeed_speed+1
0x0515	0x2301      	CALL       _setRightMotorSpeed
;MyProject.c,228 :: 		delay_ms_T0(100);
0x0516	0x3064      	MOVLW      100
0x0517	0x00B8      	MOVWF      FARG_delay_ms_T0_ms
0x0518	0x3000      	MOVLW      0
0x0519	0x00B9      	MOVWF      FARG_delay_ms_T0_ms+1
0x051A	0x2323      	CALL       _delay_ms_T0
;MyProject.c,229 :: 		stopMotors();
0x051B	0x2306      	CALL       _stopMotors
;MyProject.c,230 :: 		delay_ms_T0(1000);
0x051C	0x30E8      	MOVLW      232
0x051D	0x00B8      	MOVWF      FARG_delay_ms_T0_ms
0x051E	0x3003      	MOVLW      3
0x051F	0x00B9      	MOVWF      FARG_delay_ms_T0_ms+1
0x0520	0x2323      	CALL       _delay_ms_T0
;MyProject.c,232 :: 		}else if ((measuredDistance<20) && !(PORTC&0B10000000) &&  (PORTC&0B01000000) ) {
0x0521	0x2DA4      	GOTO       L_main54
L_main53:
0x0522	0x3080      	MOVLW      128
0x0523	0x0633      	XORWF      _measuredDistance+1, 0
0x0524	0x00F0      	MOVWF      R0
0x0525	0x3080      	MOVLW      128
0x0526	0x0270      	SUBWF      R0, 0
0x0527	0x1D03      	BTFSS      STATUS, 2
0x0528	0x2D2B      	GOTO       L__main129
0x0529	0x3014      	MOVLW      20
0x052A	0x0232      	SUBWF      _measuredDistance, 0
L__main129:
0x052B	0x1803      	BTFSC      STATUS, 0
0x052C	0x2D63      	GOTO       L_main57
0x052D	0x1B87      	BTFSC      PORTC, 7
0x052E	0x2D63      	GOTO       L_main57
0x052F	0x1F07      	BTFSS      PORTC, 6
0x0530	0x2D63      	GOTO       L_main57
L__main91:
;MyProject.c,233 :: 		stopMotors();
0x0531	0x2306      	CALL       _stopMotors
;MyProject.c,234 :: 		delay_ms_T0(500);
0x0532	0x30F4      	MOVLW      244
0x0533	0x00B8      	MOVWF      FARG_delay_ms_T0_ms
0x0534	0x3001      	MOVLW      1
0x0535	0x00B9      	MOVWF      FARG_delay_ms_T0_ms+1
0x0536	0x2323      	CALL       _delay_ms_T0
;MyProject.c,235 :: 		moveBackward();
0x0537	0x22EA      	CALL       _moveBackward
;MyProject.c,236 :: 		setLeftMotorSpeed(80);
0x0538	0x3050      	MOVLW      80
0x0539	0x00B8      	MOVWF      FARG_setLeftMotorSpeed_speed
0x053A	0x3000      	MOVLW      0
0x053B	0x00B9      	MOVWF      FARG_setLeftMotorSpeed_speed+1
0x053C	0x22FC      	CALL       _setLeftMotorSpeed
;MyProject.c,237 :: 		setRightMotorSpeed(80);
0x053D	0x3050      	MOVLW      80
0x053E	0x00B8      	MOVWF      FARG_setRightMotorSpeed_speed
0x053F	0x3000      	MOVLW      0
0x0540	0x00B9      	MOVWF      FARG_setRightMotorSpeed_speed+1
0x0541	0x2301      	CALL       _setRightMotorSpeed
;MyProject.c,238 :: 		delay_ms_T0(200);
0x0542	0x30C8      	MOVLW      200
0x0543	0x00B8      	MOVWF      FARG_delay_ms_T0_ms
0x0544	0x01B9      	CLRF       FARG_delay_ms_T0_ms+1
0x0545	0x2323      	CALL       _delay_ms_T0
;MyProject.c,239 :: 		stopMotors();
0x0546	0x2306      	CALL       _stopMotors
;MyProject.c,240 :: 		delay_ms_T0(500);
0x0547	0x30F4      	MOVLW      244
0x0548	0x00B8      	MOVWF      FARG_delay_ms_T0_ms
0x0549	0x3001      	MOVLW      1
0x054A	0x00B9      	MOVWF      FARG_delay_ms_T0_ms+1
0x054B	0x2323      	CALL       _delay_ms_T0
;MyProject.c,241 :: 		turnRight();
0x054C	0x2353      	CALL       _turnRight
;MyProject.c,242 :: 		setLeftMotorSpeed(80);
0x054D	0x3050      	MOVLW      80
0x054E	0x00B8      	MOVWF      FARG_setLeftMotorSpeed_speed
0x054F	0x3000      	MOVLW      0
0x0550	0x00B9      	MOVWF      FARG_setLeftMotorSpeed_speed+1
0x0551	0x22FC      	CALL       _setLeftMotorSpeed
;MyProject.c,243 :: 		setRightMotorSpeed(80);
0x0552	0x3050      	MOVLW      80
0x0553	0x00B8      	MOVWF      FARG_setRightMotorSpeed_speed
0x0554	0x3000      	MOVLW      0
0x0555	0x00B9      	MOVWF      FARG_setRightMotorSpeed_speed+1
0x0556	0x2301      	CALL       _setRightMotorSpeed
;MyProject.c,244 :: 		delay_ms_T0(100);
0x0557	0x3064      	MOVLW      100
0x0558	0x00B8      	MOVWF      FARG_delay_ms_T0_ms
0x0559	0x3000      	MOVLW      0
0x055A	0x00B9      	MOVWF      FARG_delay_ms_T0_ms+1
0x055B	0x2323      	CALL       _delay_ms_T0
;MyProject.c,245 :: 		stopMotors();
0x055C	0x2306      	CALL       _stopMotors
;MyProject.c,246 :: 		delay_ms_T0(1000);
0x055D	0x30E8      	MOVLW      232
0x055E	0x00B8      	MOVWF      FARG_delay_ms_T0_ms
0x055F	0x3003      	MOVLW      3
0x0560	0x00B9      	MOVWF      FARG_delay_ms_T0_ms+1
0x0561	0x2323      	CALL       _delay_ms_T0
;MyProject.c,247 :: 		}else if ((measuredDistance>=20) && (PORTC&0B10000000) &&  !(PORTC&0B01000000)){  //001
0x0562	0x2DA4      	GOTO       L_main58
L_main57:
0x0563	0x3080      	MOVLW      128
0x0564	0x0633      	XORWF      _measuredDistance+1, 0
0x0565	0x00F0      	MOVWF      R0
0x0566	0x3080      	MOVLW      128
0x0567	0x0270      	SUBWF      R0, 0
0x0568	0x1D03      	BTFSS      STATUS, 2
0x0569	0x2D6C      	GOTO       L__main130
0x056A	0x3014      	MOVLW      20
0x056B	0x0232      	SUBWF      _measuredDistance, 0
L__main130:
0x056C	0x1C03      	BTFSS      STATUS, 0
0x056D	0x2D7E      	GOTO       L_main61
0x056E	0x1F87      	BTFSS      PORTC, 7
0x056F	0x2D7E      	GOTO       L_main61
0x0570	0x1B07      	BTFSC      PORTC, 6
0x0571	0x2D7E      	GOTO       L_main61
L__main90:
;MyProject.c,248 :: 		moveForward(); setLeftMotorSpeed(70); setRightMotorSpeed(80);
0x0572	0x230B      	CALL       _moveForward
0x0573	0x3046      	MOVLW      70
0x0574	0x00B8      	MOVWF      FARG_setLeftMotorSpeed_speed
0x0575	0x3000      	MOVLW      0
0x0576	0x00B9      	MOVWF      FARG_setLeftMotorSpeed_speed+1
0x0577	0x22FC      	CALL       _setLeftMotorSpeed
0x0578	0x3050      	MOVLW      80
0x0579	0x00B8      	MOVWF      FARG_setRightMotorSpeed_speed
0x057A	0x3000      	MOVLW      0
0x057B	0x00B9      	MOVWF      FARG_setRightMotorSpeed_speed+1
0x057C	0x2301      	CALL       _setRightMotorSpeed
;MyProject.c,250 :: 		}  else if ((measuredDistance>=20) && !(PORTC&0B10000000) &&  (PORTC&0B01000000)){     //010
0x057D	0x2DA4      	GOTO       L_main62
L_main61:
0x057E	0x3080      	MOVLW      128
0x057F	0x0633      	XORWF      _measuredDistance+1, 0
0x0580	0x00F0      	MOVWF      R0
0x0581	0x3080      	MOVLW      128
0x0582	0x0270      	SUBWF      R0, 0
0x0583	0x1D03      	BTFSS      STATUS, 2
0x0584	0x2D87      	GOTO       L__main131
0x0585	0x3014      	MOVLW      20
0x0586	0x0232      	SUBWF      _measuredDistance, 0
L__main131:
0x0587	0x1C03      	BTFSS      STATUS, 0
0x0588	0x2D99      	GOTO       L_main65
0x0589	0x1B87      	BTFSC      PORTC, 7
0x058A	0x2D99      	GOTO       L_main65
0x058B	0x1F07      	BTFSS      PORTC, 6
0x058C	0x2D99      	GOTO       L_main65
L__main89:
;MyProject.c,251 :: 		moveForward(); setLeftMotorSpeed(80); setRightMotorSpeed(70);
0x058D	0x230B      	CALL       _moveForward
0x058E	0x3050      	MOVLW      80
0x058F	0x00B8      	MOVWF      FARG_setLeftMotorSpeed_speed
0x0590	0x3000      	MOVLW      0
0x0591	0x00B9      	MOVWF      FARG_setLeftMotorSpeed_speed+1
0x0592	0x22FC      	CALL       _setLeftMotorSpeed
0x0593	0x3046      	MOVLW      70
0x0594	0x00B8      	MOVWF      FARG_setRightMotorSpeed_speed
0x0595	0x3000      	MOVLW      0
0x0596	0x00B9      	MOVWF      FARG_setRightMotorSpeed_speed+1
0x0597	0x2301      	CALL       _setRightMotorSpeed
;MyProject.c,252 :: 		}
0x0598	0x2DA4      	GOTO       L_main66
L_main65:
;MyProject.c,254 :: 		moveForward(); setLeftMotorSpeed(70); setRightMotorSpeed(70);
0x0599	0x230B      	CALL       _moveForward
0x059A	0x3046      	MOVLW      70
0x059B	0x00B8      	MOVWF      FARG_setLeftMotorSpeed_speed
0x059C	0x3000      	MOVLW      0
0x059D	0x00B9      	MOVWF      FARG_setLeftMotorSpeed_speed+1
0x059E	0x22FC      	CALL       _setLeftMotorSpeed
0x059F	0x3046      	MOVLW      70
0x05A0	0x00B8      	MOVWF      FARG_setRightMotorSpeed_speed
0x05A1	0x3000      	MOVLW      0
0x05A2	0x00B9      	MOVWF      FARG_setRightMotorSpeed_speed+1
0x05A3	0x2301      	CALL       _setRightMotorSpeed
;MyProject.c,257 :: 		}
L_main66:
L_main62:
L_main58:
L_main54:
L_main50:
;MyProject.c,260 :: 		} else {
0x05A4	0x2E16      	GOTO       L_main67
L_main42:
;MyProject.c,262 :: 		if(!(PORTD & 0b00100000) && !(PORTD & 0b00010000)){
0x05A5	0x1A88      	BTFSC      PORTD, 5
0x05A6	0x2DB5      	GOTO       L_main70
0x05A7	0x1A08      	BTFSC      PORTD, 4
0x05A8	0x2DB5      	GOTO       L_main70
L__main88:
;MyProject.c,263 :: 		moveForward(); setLeftMotorSpeed(60); setRightMotorSpeed(60);
0x05A9	0x230B      	CALL       _moveForward
0x05AA	0x303C      	MOVLW      60
0x05AB	0x00B8      	MOVWF      FARG_setLeftMotorSpeed_speed
0x05AC	0x3000      	MOVLW      0
0x05AD	0x00B9      	MOVWF      FARG_setLeftMotorSpeed_speed+1
0x05AE	0x22FC      	CALL       _setLeftMotorSpeed
0x05AF	0x303C      	MOVLW      60
0x05B0	0x00B8      	MOVWF      FARG_setRightMotorSpeed_speed
0x05B1	0x3000      	MOVLW      0
0x05B2	0x00B9      	MOVWF      FARG_setRightMotorSpeed_speed+1
0x05B3	0x2301      	CALL       _setRightMotorSpeed
;MyProject.c,264 :: 		} else if(!(PORTD & 0b00100000) && (PORTD & 0b00010000)){
0x05B4	0x2E16      	GOTO       L_main71
L_main70:
0x05B5	0x1A88      	BTFSC      PORTD, 5
0x05B6	0x2DC3      	GOTO       L_main74
0x05B7	0x1E08      	BTFSS      PORTD, 4
0x05B8	0x2DC3      	GOTO       L_main74
L__main87:
;MyProject.c,265 :: 		moveForward(); setLeftMotorSpeed(0); setRightMotorSpeed(60);
0x05B9	0x230B      	CALL       _moveForward
0x05BA	0x01B8      	CLRF       FARG_setLeftMotorSpeed_speed
0x05BB	0x01B9      	CLRF       FARG_setLeftMotorSpeed_speed+1
0x05BC	0x22FC      	CALL       _setLeftMotorSpeed
0x05BD	0x303C      	MOVLW      60
0x05BE	0x00B8      	MOVWF      FARG_setRightMotorSpeed_speed
0x05BF	0x3000      	MOVLW      0
0x05C0	0x00B9      	MOVWF      FARG_setRightMotorSpeed_speed+1
0x05C1	0x2301      	CALL       _setRightMotorSpeed
;MyProject.c,266 :: 		} else if((PORTD & 0b00100000) && !(PORTD & 0b00010000)){
0x05C2	0x2E16      	GOTO       L_main75
L_main74:
0x05C3	0x1E88      	BTFSS      PORTD, 5
0x05C4	0x2DD1      	GOTO       L_main78
0x05C5	0x1A08      	BTFSC      PORTD, 4
0x05C6	0x2DD1      	GOTO       L_main78
L__main86:
;MyProject.c,267 :: 		moveForward(); setLeftMotorSpeed(60); setRightMotorSpeed(0);
0x05C7	0x230B      	CALL       _moveForward
0x05C8	0x303C      	MOVLW      60
0x05C9	0x00B8      	MOVWF      FARG_setLeftMotorSpeed_speed
0x05CA	0x3000      	MOVLW      0
0x05CB	0x00B9      	MOVWF      FARG_setLeftMotorSpeed_speed+1
0x05CC	0x22FC      	CALL       _setLeftMotorSpeed
0x05CD	0x01B8      	CLRF       FARG_setRightMotorSpeed_speed
0x05CE	0x01B9      	CLRF       FARG_setRightMotorSpeed_speed+1
0x05CF	0x2301      	CALL       _setRightMotorSpeed
;MyProject.c,268 :: 		} else if((PORTD & 0b00100000) && (PORTD & 0b00010000)){
0x05D0	0x2E16      	GOTO       L_main79
L_main78:
0x05D1	0x1E88      	BTFSS      PORTD, 5
0x05D2	0x2E16      	GOTO       L_main82
0x05D3	0x1E08      	BTFSS      PORTD, 4
0x05D4	0x2E16      	GOTO       L_main82
L__main85:
;MyProject.c,269 :: 		stopMotors(); delay_ms_T0(1000);
0x05D5	0x2306      	CALL       _stopMotors
0x05D6	0x30E8      	MOVLW      232
0x05D7	0x00B8      	MOVWF      FARG_delay_ms_T0_ms
0x05D8	0x3003      	MOVLW      3
0x05D9	0x00B9      	MOVWF      FARG_delay_ms_T0_ms+1
0x05DA	0x2323      	CALL       _delay_ms_T0
;MyProject.c,270 :: 		moveForward(); setLeftMotorSpeed(80); setRightMotorSpeed(80);
0x05DB	0x230B      	CALL       _moveForward
0x05DC	0x3050      	MOVLW      80
0x05DD	0x00B8      	MOVWF      FARG_setLeftMotorSpeed_speed
0x05DE	0x3000      	MOVLW      0
0x05DF	0x00B9      	MOVWF      FARG_setLeftMotorSpeed_speed+1
0x05E0	0x22FC      	CALL       _setLeftMotorSpeed
0x05E1	0x3050      	MOVLW      80
0x05E2	0x00B8      	MOVWF      FARG_setRightMotorSpeed_speed
0x05E3	0x3000      	MOVLW      0
0x05E4	0x00B9      	MOVWF      FARG_setRightMotorSpeed_speed+1
0x05E5	0x2301      	CALL       _setRightMotorSpeed
;MyProject.c,271 :: 		delay_ms_T0(350); stopMotors();
0x05E6	0x305E      	MOVLW      94
0x05E7	0x00B8      	MOVWF      FARG_delay_ms_T0_ms
0x05E8	0x3001      	MOVLW      1
0x05E9	0x00B9      	MOVWF      FARG_delay_ms_T0_ms+1
0x05EA	0x2323      	CALL       _delay_ms_T0
0x05EB	0x2306      	CALL       _stopMotors
;MyProject.c,272 :: 		stopMotors(); delay_ms_T0(1000);
0x05EC	0x2306      	CALL       _stopMotors
0x05ED	0x30E8      	MOVLW      232
0x05EE	0x00B8      	MOVWF      FARG_delay_ms_T0_ms
0x05EF	0x3003      	MOVLW      3
0x05F0	0x00B9      	MOVWF      FARG_delay_ms_T0_ms+1
0x05F1	0x2323      	CALL       _delay_ms_T0
;MyProject.c,273 :: 		turnRight(); setLeftMotorSpeed(80); setRightMotorSpeed(80);
0x05F2	0x2353      	CALL       _turnRight
0x05F3	0x3050      	MOVLW      80
0x05F4	0x00B8      	MOVWF      FARG_setLeftMotorSpeed_speed
0x05F5	0x3000      	MOVLW      0
0x05F6	0x00B9      	MOVWF      FARG_setLeftMotorSpeed_speed+1
0x05F7	0x22FC      	CALL       _setLeftMotorSpeed
0x05F8	0x3050      	MOVLW      80
0x05F9	0x00B8      	MOVWF      FARG_setRightMotorSpeed_speed
0x05FA	0x3000      	MOVLW      0
0x05FB	0x00B9      	MOVWF      FARG_setRightMotorSpeed_speed+1
0x05FC	0x2301      	CALL       _setRightMotorSpeed
;MyProject.c,274 :: 		delay_ms_T0(300);
0x05FD	0x302C      	MOVLW      44
0x05FE	0x00B8      	MOVWF      FARG_delay_ms_T0_ms
0x05FF	0x3001      	MOVLW      1
0x0600	0x00B9      	MOVWF      FARG_delay_ms_T0_ms+1
0x0601	0x2323      	CALL       _delay_ms_T0
;MyProject.c,275 :: 		stopMotors();
0x0602	0x2306      	CALL       _stopMotors
;MyProject.c,276 :: 		delay_ms_T0(1000);
0x0603	0x30E8      	MOVLW      232
0x0604	0x00B8      	MOVWF      FARG_delay_ms_T0_ms
0x0605	0x3003      	MOVLW      3
0x0606	0x00B9      	MOVWF      FARG_delay_ms_T0_ms+1
0x0607	0x2323      	CALL       _delay_ms_T0
;MyProject.c,278 :: 		setServoAngle(90);
0x0608	0x305A      	MOVLW      90
0x0609	0x00B8      	MOVWF      FARG_setServoAngle_angle
0x060A	0x3000      	MOVLW      0
0x060B	0x00B9      	MOVWF      FARG_setServoAngle_angle+1
0x060C	0x235C      	CALL       _setServoAngle
;MyProject.c,279 :: 		delay_ms_T0(1000);
0x060D	0x30E8      	MOVLW      232
0x060E	0x00B8      	MOVWF      FARG_delay_ms_T0_ms
0x060F	0x3003      	MOVLW      3
0x0610	0x00B9      	MOVWF      FARG_delay_ms_T0_ms+1
0x0611	0x2323      	CALL       _delay_ms_T0
;MyProject.c,281 :: 		while(1){
L_main83:
;MyProject.c,282 :: 		stopMotors();
0x0612	0x2306      	CALL       _stopMotors
;MyProject.c,283 :: 		PORTB = PORTB & 0XFE;
0x0613	0x30FE      	MOVLW      254
0x0614	0x0586      	ANDWF      PORTB, 1
;MyProject.c,284 :: 		}
0x0615	0x2E12      	GOTO       L_main83
;MyProject.c,285 :: 		}
L_main82:
L_main79:
L_main75:
L_main71:
;MyProject.c,286 :: 		}
L_main67:
;MyProject.c,287 :: 		}
L_main41:
;MyProject.c,288 :: 		}
L_main39:
;MyProject.c,289 :: 		}
0x0616	0x2BCE      	GOTO       L_main16
;MyProject.c,290 :: 		}
L_end_main:
0x0617	0x2E17      	GOTO       $+0
; end of _main
Symbol List:
//** Routines locations **
//ADDRESS    SIZE    PROCEDURE
//----------------------------------------------
0x0004      [71]    _interrupt
0x004B      [44]    _Div_16x16_S_L
0x0077       [7]    _RES032
0x007E      [12]    _SETFUN32
0x008A       [4]    _FIXSIGN32
0x008E       [3]    _SETFDZ32
0x0091      [12]    _SETFOV32
0x009D     [105]    _Div_16x16_S
0x0106      [13]    _SETIOV3224
0x0113      [47]    _NRM3232
0x0142      [93]    _double2int
0x019F     [183]    _Div_32x32_FP
0x0256      [30]    _int2double
0x0274      [43]    _Mul_16X16_U
0x029F       [7]    _____DoICP
0x02A6      [28]    _delay_us_T0
0x02C2      [40]    _readDistanceCM
0x02EA       [9]    _moveBackward
0x02F3       [9]    _turnLeft
0x02FC       [5]    _setLeftMotorSpeed
0x0301       [5]    _setRightMotorSpeed
0x0306       [5]    _stopMotors
0x030B       [9]    _moveForward
0x0314      [15]    _ADC_read
0x0323      [28]    _delay_ms_T0
0x033F      [12]    ___CC2DW
0x034B       [8]    _ADC_init
0x0353       [9]    _turnRight
0x035C      [38]    _setServoAngle
0x0382      [12]    _PWM_init
0x038E     [650]    _main
//** Variables locations ** 
//ADDRESS    SIZE    VARIABLE
//----------------------------------------------
0x0000       [1]    INDF
0x0001       [1]    TMR0
0x0002       [1]    PCL
0x0003       [1]    STATUS
0x0004       [1]    FSR
0x0005       [1]    PORTA
0x0006       [1]    PORTB
0x0007       [1]    PORTC
0x0008       [1]    PORTD
0x000A       [1]    PCLATH
0x000B       [1]    INTCON
0x000E       [1]    TMR1L
0x000F       [1]    TMR1H
0x0010       [1]    T1CON
0x0012       [1]    T2CON
0x0015       [1]    CCPR1L
0x0017       [1]    CCP1CON
0x001B       [1]    CCPR2L
0x001D       [1]    CCP2CON
0x001E       [1]    ADRESH
0x001F       [1]    ADCON0
0x0020       [1]    __math_tempbD
0x0022       [2]    _timerTick
0x0024       [2]    _delayCounter
0x0026       [2]    _flagStage2
0x0028       [2]    _lightFlag
0x002A       [2]    _operationStage
0x002C       [2]    _flagStage3
0x002E       [2]    _servoPulseWidth
0x0030       [2]    ___DoICPAddr
0x0032       [2]    _measuredDistance
0x0034       [2]    _lightSensorValue
0x0036       [1]    ___savePCLATH
0x0037       [1]    ___saveSTATUS
0x0038       [2]    FARG_setRightMotorSpeed_speed
0x0038       [2]    FARG_setServoAngle_angle
0x0038       [2]    FARG_setLeftMotorSpeed_speed
0x0038       [2]    FARG_delay_ms_T0_ms
0x003A       [2]    FARG_delay_us_T0_us
0x0070       [1]    R0
0x0071       [1]    R1
0x0072       [1]    R2
0x0073       [1]    R3
0x0074       [1]    R4
0x0075       [1]    R5
0x0076       [1]    R6
0x0077       [1]    R7
0x0078       [1]    R8
0x0079       [1]    R9
0x007A       [1]    R10
0x007B       [1]    R11
0x007C       [1]    R12
0x007D       [1]    R13
0x007E       [1]    R14
0x007F       [1]    R15
0x0081       [1]    OPTION_REG
0x0085       [1]    TRISA
0x0086       [1]    TRISB
0x0087       [1]    TRISC
0x0088       [1]    TRISD
0x0092       [1]    PR2
0x009E       [1]    ADRESL
0x009F       [1]    ADCON1
